Starting training with Namespace(alpha_c=1, batch_size=64, data='data/coco', epochs=10, log_interval=100, lr=0.0001, step_size=5)
Train Batch: [0/6468]	Loss 10.1195 (10.1195)	Top 1 Accuracy 0.000 (0.000)	Top 5 Accuracy 0.000 (0.000)
Train Batch: [100/6468]	Loss 6.1592 (7.7337)	Top 1 Accuracy 20.588 (15.395)	Top 5 Accuracy 34.225 (27.858)
Train Batch: [200/6468]	Loss 5.7738 (6.8740)	Top 1 Accuracy 26.954 (19.363)	Top 5 Accuracy 41.240 (32.595)
Train Batch: [300/6468]	Loss 5.8252 (6.4937)	Top 1 Accuracy 26.874 (21.751)	Top 5 Accuracy 42.857 (35.570)
Train Batch: [400/6468]	Loss 5.4675 (6.2636)	Top 1 Accuracy 28.630 (23.307)	Top 5 Accuracy 44.640 (37.670)
Train Batch: [500/6468]	Loss 5.1659 (6.0958)	Top 1 Accuracy 31.215 (24.449)	Top 5 Accuracy 49.859 (39.271)
Train Batch: [600/6468]	Loss 5.3021 (5.9649)	Top 1 Accuracy 32.231 (25.390)	Top 5 Accuracy 46.832 (40.607)
Train Batch: [700/6468]	Loss 5.2679 (5.8610)	Top 1 Accuracy 31.090 (26.182)	Top 5 Accuracy 50.202 (41.768)
Train Batch: [800/6468]	Loss 5.0648 (5.7713)	Top 1 Accuracy 32.958 (26.859)	Top 5 Accuracy 51.268 (42.775)
Train Batch: [900/6468]	Loss 4.8852 (5.6917)	Top 1 Accuracy 34.110 (27.494)	Top 5 Accuracy 54.384 (43.716)
Train Batch: [1000/6468]	Loss 4.8550 (5.6211)	Top 1 Accuracy 34.388 (28.028)	Top 5 Accuracy 55.021 (44.571)
Train Batch: [1100/6468]	Loss 4.6995 (5.5563)	Top 1 Accuracy 36.558 (28.556)	Top 5 Accuracy 54.908 (45.385)
Train Batch: [1200/6468]	Loss 4.7230 (5.4977)	Top 1 Accuracy 36.582 (29.039)	Top 5 Accuracy 54.802 (46.118)
Train Batch: [1300/6468]	Loss 4.8591 (5.4452)	Top 1 Accuracy 32.775 (29.457)	Top 5 Accuracy 53.696 (46.776)
Train Batch: [1400/6468]	Loss 4.6595 (5.3963)	Top 1 Accuracy 34.674 (29.844)	Top 5 Accuracy 56.865 (47.390)
Train Batch: [1500/6468]	Loss 4.6436 (5.3484)	Top 1 Accuracy 36.755 (30.231)	Top 5 Accuracy 58.252 (47.994)
Train Batch: [1600/6468]	Loss 4.5852 (5.3055)	Top 1 Accuracy 38.350 (30.578)	Top 5 Accuracy 56.440 (48.548)
Train Batch: [1700/6468]	Loss 4.7048 (5.2645)	Top 1 Accuracy 35.403 (30.918)	Top 5 Accuracy 56.275 (49.077)
Train Batch: [1800/6468]	Loss 4.4019 (5.2278)	Top 1 Accuracy 35.829 (31.214)	Top 5 Accuracy 60.829 (49.549)
Train Batch: [1900/6468]	Loss 4.5311 (5.1914)	Top 1 Accuracy 37.147 (31.511)	Top 5 Accuracy 58.681 (50.026)
Train Batch: [2000/6468]	Loss 4.4480 (5.1569)	Top 1 Accuracy 38.197 (31.805)	Top 5 Accuracy 59.371 (50.467)
Train Batch: [2100/6468]	Loss 4.4281 (5.1242)	Top 1 Accuracy 37.466 (32.080)	Top 5 Accuracy 58.583 (50.889)
Train Batch: [2200/6468]	Loss 4.2816 (5.0943)	Top 1 Accuracy 38.770 (32.335)	Top 5 Accuracy 63.519 (51.275)
Train Batch: [2300/6468]	Loss 4.4846 (5.0645)	Top 1 Accuracy 37.778 (32.591)	Top 5 Accuracy 57.222 (51.649)
Train Batch: [2400/6468]	Loss 4.2734 (5.0366)	Top 1 Accuracy 36.864 (32.828)	Top 5 Accuracy 62.429 (52.010)
Train Batch: [2500/6468]	Loss 4.5115 (5.0098)	Top 1 Accuracy 37.450 (33.047)	Top 5 Accuracy 56.107 (52.346)
Train Batch: [2600/6468]	Loss 4.3416 (4.9845)	Top 1 Accuracy 37.027 (33.255)	Top 5 Accuracy 61.892 (52.674)
Train Batch: [2700/6468]	Loss 4.6011 (4.9606)	Top 1 Accuracy 34.771 (33.455)	Top 5 Accuracy 56.328 (52.982)
Train Batch: [2800/6468]	Loss 4.3993 (4.9382)	Top 1 Accuracy 39.381 (33.633)	Top 5 Accuracy 59.072 (53.273)
Train Batch: [2900/6468]	Loss 4.1306 (4.9160)	Top 1 Accuracy 39.426 (33.816)	Top 5 Accuracy 64.360 (53.555)
Train Batch: [3000/6468]	Loss 3.9692 (4.8947)	Top 1 Accuracy 44.176 (33.997)	Top 5 Accuracy 64.773 (53.829)
Train Batch: [3100/6468]	Loss 4.1781 (4.8744)	Top 1 Accuracy 40.139 (34.168)	Top 5 Accuracy 63.611 (54.090)
Train Batch: [3200/6468]	Loss 4.1840 (4.8543)	Top 1 Accuracy 37.856 (34.334)	Top 5 Accuracy 63.094 (54.346)
Train Batch: [3300/6468]	Loss 4.2402 (4.8345)	Top 1 Accuracy 38.420 (34.500)	Top 5 Accuracy 61.853 (54.596)
Train Batch: [3400/6468]	Loss 4.2083 (4.8162)	Top 1 Accuracy 37.877 (34.656)	Top 5 Accuracy 64.220 (54.835)
Train Batch: [3500/6468]	Loss 4.4720 (4.7986)	Top 1 Accuracy 38.351 (34.807)	Top 5 Accuracy 60.471 (55.060)
Train Batch: [3600/6468]	Loss 3.9267 (4.7807)	Top 1 Accuracy 42.638 (34.961)	Top 5 Accuracy 64.661 (55.283)
Train Batch: [3700/6468]	Loss 4.0749 (4.7646)	Top 1 Accuracy 40.492 (35.095)	Top 5 Accuracy 63.475 (55.489)
Train Batch: [3800/6468]	Loss 4.0676 (4.7484)	Top 1 Accuracy 41.389 (35.229)	Top 5 Accuracy 65.688 (55.704)
Train Batch: [3900/6468]	Loss 4.0925 (4.7326)	Top 1 Accuracy 41.064 (35.358)	Top 5 Accuracy 64.256 (55.908)
Train Batch: [4000/6468]	Loss 4.0977 (4.7175)	Top 1 Accuracy 42.232 (35.486)	Top 5 Accuracy 62.853 (56.104)
Train Batch: [4100/6468]	Loss 4.1811 (4.7024)	Top 1 Accuracy 39.761 (35.618)	Top 5 Accuracy 62.500 (56.300)
Train Batch: [4200/6468]	Loss 4.1455 (4.6884)	Top 1 Accuracy 39.945 (35.739)	Top 5 Accuracy 63.201 (56.483)
Train Batch: [4300/6468]	Loss 4.0325 (4.6744)	Top 1 Accuracy 42.037 (35.857)	Top 5 Accuracy 63.845 (56.663)
Train Batch: [4400/6468]	Loss 4.0216 (4.6616)	Top 1 Accuracy 43.156 (35.966)	Top 5 Accuracy 65.922 (56.825)
Train Batch: [4500/6468]	Loss 4.0454 (4.6484)	Top 1 Accuracy 39.353 (36.077)	Top 5 Accuracy 65.094 (56.997)
Train Batch: [4600/6468]	Loss 4.0319 (4.6360)	Top 1 Accuracy 40.295 (36.177)	Top 5 Accuracy 64.525 (57.156)
Train Batch: [4700/6468]	Loss 3.9596 (4.6238)	Top 1 Accuracy 44.016 (36.281)	Top 5 Accuracy 66.755 (57.312)
Train Batch: [4800/6468]	Loss 4.0446 (4.6120)	Top 1 Accuracy 40.163 (36.381)	Top 5 Accuracy 61.872 (57.459)
Train Batch: [4900/6468]	Loss 4.1486 (4.6008)	Top 1 Accuracy 41.980 (36.480)	Top 5 Accuracy 65.132 (57.599)
Train Batch: [5000/6468]	Loss 4.2892 (4.5897)	Top 1 Accuracy 38.115 (36.576)	Top 5 Accuracy 62.307 (57.742)
Train Batch: [5100/6468]	Loss 4.0377 (4.5787)	Top 1 Accuracy 41.848 (36.672)	Top 5 Accuracy 66.576 (57.879)
Train Batch: [5200/6468]	Loss 4.2148 (4.5677)	Top 1 Accuracy 39.423 (36.772)	Top 5 Accuracy 61.538 (58.021)
Train Batch: [5300/6468]	Loss 4.0893 (4.5568)	Top 1 Accuracy 41.781 (36.869)	Top 5 Accuracy 64.247 (58.158)
Train Batch: [5400/6468]	Loss 4.1948 (4.5463)	Top 1 Accuracy 40.511 (36.957)	Top 5 Accuracy 60.700 (58.288)
Train Batch: [5500/6468]	Loss 3.7163 (4.5357)	Top 1 Accuracy 44.711 (37.052)	Top 5 Accuracy 70.522 (58.421)
Train Batch: [5600/6468]	Loss 3.9279 (4.5256)	Top 1 Accuracy 43.497 (37.139)	Top 5 Accuracy 67.413 (58.549)
Train Batch: [5700/6468]	Loss 3.8627 (4.5156)	Top 1 Accuracy 43.419 (37.223)	Top 5 Accuracy 68.250 (58.680)
Train Batch: [5800/6468]	Loss 3.8435 (4.5059)	Top 1 Accuracy 44.856 (37.304)	Top 5 Accuracy 66.941 (58.800)
Train Batch: [5900/6468]	Loss 4.0224 (4.4963)	Top 1 Accuracy 42.612 (37.389)	Top 5 Accuracy 63.852 (58.923)
Train Batch: [6000/6468]	Loss 3.6950 (4.4871)	Top 1 Accuracy 46.045 (37.471)	Top 5 Accuracy 69.633 (59.042)
Train Batch: [6100/6468]	Loss 3.9463 (4.4778)	Top 1 Accuracy 41.813 (37.552)	Top 5 Accuracy 65.494 (59.161)
Train Batch: [6200/6468]	Loss 4.0231 (4.4688)	Top 1 Accuracy 41.926 (37.632)	Top 5 Accuracy 65.156 (59.274)
Train Batch: [6300/6468]	Loss 3.7957 (4.4606)	Top 1 Accuracy 44.336 (37.705)	Top 5 Accuracy 67.273 (59.378)
Train Batch: [6400/6468]	Loss 3.9069 (4.4523)	Top 1 Accuracy 42.645 (37.777)	Top 5 Accuracy 65.857 (59.481)
Validation Batch: [0/391]	Loss 6.6766 (6.6766)	Top 1 Accuracy 20.248 (20.248)	Top 5 Accuracy 31.405 (31.405)
Validation Batch: [100/391]	Loss 6.6832 (6.6629)	Top 1 Accuracy 17.701 (18.488)	Top 5 Accuracy 31.044 (30.716)
Validation Batch: [200/391]	Loss 6.5508 (6.6672)	Top 1 Accuracy 18.672 (18.414)	Top 5 Accuracy 31.674 (30.688)
Validation Batch: [300/391]	Loss 6.7642 (6.6737)	Top 1 Accuracy 17.185 (18.295)	Top 5 Accuracy 28.417 (30.575)
Validation Epoch: 1	BLEU-1 (0.3516255867658823)	BLEU-2 (0.24135058037759377)	BLEU-3 (0.1631134341195941)	BLEU-4 (0.1035359820567442)	
Saved model to model/model_1.pth
Train Batch: [0/6468]	Loss 4.2605 (4.2605)	Top 1 Accuracy 38.412 (38.412)	Top 5 Accuracy 61.972 (61.972)
Train Batch: [100/6468]	Loss 3.9262 (3.9122)	Top 1 Accuracy 42.651 (42.728)	Top 5 Accuracy 65.879 (66.140)
Train Batch: [200/6468]	Loss 3.7052 (3.9007)	Top 1 Accuracy 44.460 (42.820)	Top 5 Accuracy 70.028 (66.304)
Train Batch: [300/6468]	Loss 3.7964 (3.9005)	Top 1 Accuracy 44.600 (42.753)	Top 5 Accuracy 67.461 (66.366)
Train Batch: [400/6468]	Loss 3.9928 (3.8922)	Top 1 Accuracy 42.127 (42.782)	Top 5 Accuracy 65.141 (66.470)
Train Batch: [500/6468]	Loss 3.7101 (3.8893)	Top 1 Accuracy 43.909 (42.777)	Top 5 Accuracy 66.289 (66.506)
Train Batch: [600/6468]	Loss 4.1241 (3.8857)	Top 1 Accuracy 39.871 (42.790)	Top 5 Accuracy 63.226 (66.568)
Train Batch: [700/6468]	Loss 3.9738 (3.8829)	Top 1 Accuracy 39.208 (42.825)	Top 5 Accuracy 65.437 (66.614)
Train Batch: [800/6468]	Loss 3.9142 (3.8798)	Top 1 Accuracy 41.292 (42.839)	Top 5 Accuracy 67.556 (66.682)
Train Batch: [900/6468]	Loss 3.7645 (3.8770)	Top 1 Accuracy 44.476 (42.865)	Top 5 Accuracy 68.112 (66.717)
Train Batch: [1000/6468]	Loss 4.0251 (3.8750)	Top 1 Accuracy 41.726 (42.872)	Top 5 Accuracy 65.205 (66.736)
Train Batch: [1100/6468]	Loss 3.7931 (3.8741)	Top 1 Accuracy 43.338 (42.874)	Top 5 Accuracy 68.506 (66.741)
Train Batch: [1200/6468]	Loss 3.8489 (3.8707)	Top 1 Accuracy 41.520 (42.912)	Top 5 Accuracy 65.265 (66.766)
Train Batch: [1300/6468]	Loss 3.9450 (3.8684)	Top 1 Accuracy 43.741 (42.924)	Top 5 Accuracy 65.260 (66.790)
Train Batch: [1400/6468]	Loss 3.8399 (3.8645)	Top 1 Accuracy 43.617 (42.956)	Top 5 Accuracy 68.085 (66.837)
Train Batch: [1500/6468]	Loss 3.7709 (3.8610)	Top 1 Accuracy 47.318 (42.983)	Top 5 Accuracy 67.950 (66.869)
Train Batch: [1600/6468]	Loss 3.6889 (3.8584)	Top 1 Accuracy 43.825 (43.018)	Top 5 Accuracy 68.924 (66.895)
Train Batch: [1700/6468]	Loss 4.0672 (3.8561)	Top 1 Accuracy 39.532 (43.042)	Top 5 Accuracy 64.369 (66.920)
Train Batch: [1800/6468]	Loss 3.8664 (3.8533)	Top 1 Accuracy 42.838 (43.078)	Top 5 Accuracy 68.076 (66.962)
Train Batch: [1900/6468]	Loss 3.4058 (3.8508)	Top 1 Accuracy 47.645 (43.101)	Top 5 Accuracy 73.407 (67.003)
Train Batch: [2000/6468]	Loss 3.9027 (3.8480)	Top 1 Accuracy 41.192 (43.127)	Top 5 Accuracy 65.285 (67.040)
Train Batch: [2100/6468]	Loss 3.8752 (3.8468)	Top 1 Accuracy 41.473 (43.133)	Top 5 Accuracy 66.576 (67.055)
Train Batch: [2200/6468]	Loss 3.6153 (3.8431)	Top 1 Accuracy 43.826 (43.181)	Top 5 Accuracy 70.692 (67.103)
Train Batch: [2300/6468]	Loss 4.0038 (3.8412)	Top 1 Accuracy 40.891 (43.194)	Top 5 Accuracy 66.127 (67.117)
Train Batch: [2400/6468]	Loss 3.7575 (3.8388)	Top 1 Accuracy 45.007 (43.220)	Top 5 Accuracy 69.220 (67.147)
Train Batch: [2500/6468]	Loss 3.6948 (3.8360)	Top 1 Accuracy 45.516 (43.246)	Top 5 Accuracy 68.750 (67.189)
Train Batch: [2600/6468]	Loss 4.0934 (3.8333)	Top 1 Accuracy 37.772 (43.278)	Top 5 Accuracy 62.612 (67.225)
Train Batch: [2700/6468]	Loss 3.7947 (3.8314)	Top 1 Accuracy 43.514 (43.300)	Top 5 Accuracy 68.514 (67.254)
Train Batch: [2800/6468]	Loss 3.6149 (3.8300)	Top 1 Accuracy 44.539 (43.306)	Top 5 Accuracy 70.355 (67.276)
Train Batch: [2900/6468]	Loss 3.7936 (3.8282)	Top 1 Accuracy 42.876 (43.324)	Top 5 Accuracy 67.608 (67.304)
Train Batch: [3000/6468]	Loss 3.8223 (3.8264)	Top 1 Accuracy 44.176 (43.343)	Top 5 Accuracy 68.750 (67.326)
Train Batch: [3100/6468]	Loss 3.5962 (3.8250)	Top 1 Accuracy 45.392 (43.367)	Top 5 Accuracy 71.114 (67.345)
Train Batch: [3200/6468]	Loss 3.5847 (3.8230)	Top 1 Accuracy 46.273 (43.389)	Top 5 Accuracy 70.464 (67.376)
Train Batch: [3300/6468]	Loss 3.8236 (3.8211)	Top 1 Accuracy 44.842 (43.414)	Top 5 Accuracy 67.263 (67.400)
Train Batch: [3400/6468]	Loss 3.7840 (3.8193)	Top 1 Accuracy 43.038 (43.434)	Top 5 Accuracy 67.651 (67.425)
Train Batch: [3500/6468]	Loss 4.0427 (3.8171)	Top 1 Accuracy 41.337 (43.463)	Top 5 Accuracy 65.894 (67.456)
Train Batch: [3600/6468]	Loss 3.6831 (3.8153)	Top 1 Accuracy 46.208 (43.487)	Top 5 Accuracy 68.820 (67.478)
Train Batch: [3700/6468]	Loss 3.7458 (3.8137)	Top 1 Accuracy 43.520 (43.500)	Top 5 Accuracy 68.895 (67.496)
Train Batch: [3800/6468]	Loss 3.6790 (3.8121)	Top 1 Accuracy 46.667 (43.519)	Top 5 Accuracy 68.227 (67.522)
Train Batch: [3900/6468]	Loss 3.4417 (3.8105)	Top 1 Accuracy 46.389 (43.529)	Top 5 Accuracy 73.056 (67.542)
Train Batch: [4000/6468]	Loss 3.9238 (3.8085)	Top 1 Accuracy 42.550 (43.552)	Top 5 Accuracy 66.040 (67.568)
Train Batch: [4100/6468]	Loss 3.5013 (3.8070)	Top 1 Accuracy 47.025 (43.567)	Top 5 Accuracy 71.246 (67.587)
Train Batch: [4200/6468]	Loss 3.5804 (3.8055)	Top 1 Accuracy 45.418 (43.583)	Top 5 Accuracy 69.721 (67.609)
Train Batch: [4300/6468]	Loss 3.6085 (3.8038)	Top 1 Accuracy 47.222 (43.596)	Top 5 Accuracy 69.571 (67.632)
Train Batch: [4400/6468]	Loss 3.8656 (3.8022)	Top 1 Accuracy 40.962 (43.609)	Top 5 Accuracy 65.150 (67.650)
Train Batch: [4500/6468]	Loss 3.6752 (3.8007)	Top 1 Accuracy 45.379 (43.623)	Top 5 Accuracy 69.379 (67.669)
Train Batch: [4600/6468]	Loss 4.0187 (3.7994)	Top 1 Accuracy 42.328 (43.640)	Top 5 Accuracy 64.418 (67.689)
Train Batch: [4700/6468]	Loss 3.8804 (3.7979)	Top 1 Accuracy 44.737 (43.651)	Top 5 Accuracy 66.205 (67.707)
Train Batch: [4800/6468]	Loss 3.6837 (3.7967)	Top 1 Accuracy 46.702 (43.667)	Top 5 Accuracy 69.657 (67.724)
Train Batch: [4900/6468]	Loss 3.7309 (3.7951)	Top 1 Accuracy 44.398 (43.684)	Top 5 Accuracy 68.188 (67.742)
Train Batch: [5000/6468]	Loss 3.6703 (3.7935)	Top 1 Accuracy 45.884 (43.702)	Top 5 Accuracy 68.286 (67.763)
Train Batch: [5100/6468]	Loss 3.6091 (3.7915)	Top 1 Accuracy 45.344 (43.717)	Top 5 Accuracy 70.310 (67.791)
Train Batch: [5200/6468]	Loss 3.5821 (3.7898)	Top 1 Accuracy 45.319 (43.735)	Top 5 Accuracy 69.335 (67.811)
Train Batch: [5300/6468]	Loss 3.6707 (3.7879)	Top 1 Accuracy 43.889 (43.756)	Top 5 Accuracy 70.278 (67.838)
Train Batch: [5400/6468]	Loss 3.5920 (3.7870)	Top 1 Accuracy 45.109 (43.764)	Top 5 Accuracy 69.927 (67.847)
Train Batch: [5500/6468]	Loss 3.6170 (3.7859)	Top 1 Accuracy 44.780 (43.775)	Top 5 Accuracy 71.978 (67.863)
Train Batch: [5600/6468]	Loss 3.6796 (3.7849)	Top 1 Accuracy 44.223 (43.784)	Top 5 Accuracy 68.331 (67.877)
Train Batch: [5700/6468]	Loss 3.7280 (3.7834)	Top 1 Accuracy 43.759 (43.807)	Top 5 Accuracy 69.565 (67.899)
Train Batch: [5800/6468]	Loss 3.5388 (3.7822)	Top 1 Accuracy 44.613 (43.819)	Top 5 Accuracy 73.757 (67.915)
Train Batch: [5900/6468]	Loss 3.8536 (3.7807)	Top 1 Accuracy 42.629 (43.834)	Top 5 Accuracy 65.870 (67.934)
Train Batch: [6000/6468]	Loss 3.6364 (3.7788)	Top 1 Accuracy 44.118 (43.851)	Top 5 Accuracy 70.455 (67.960)
Train Batch: [6100/6468]	Loss 3.6204 (3.7776)	Top 1 Accuracy 47.984 (43.857)	Top 5 Accuracy 70.430 (67.975)
Train Batch: [6200/6468]	Loss 3.6806 (3.7761)	Top 1 Accuracy 44.628 (43.875)	Top 5 Accuracy 69.972 (67.993)
Train Batch: [6300/6468]	Loss 3.6003 (3.7746)	Top 1 Accuracy 43.495 (43.886)	Top 5 Accuracy 70.959 (68.013)
Train Batch: [6400/6468]	Loss 3.7287 (3.7734)	Top 1 Accuracy 46.030 (43.899)	Top 5 Accuracy 70.525 (68.030)
Validation Batch: [0/391]	Loss 6.5759 (6.5759)	Top 1 Accuracy 19.215 (19.215)	Top 5 Accuracy 31.935 (31.935)
Validation Batch: [100/391]	Loss 6.7663 (6.8914)	Top 1 Accuracy 20.485 (17.909)	Top 5 Accuracy 32.210 (30.416)
Validation Batch: [200/391]	Loss 6.9298 (6.9088)	Top 1 Accuracy 20.055 (17.894)	Top 5 Accuracy 29.533 (30.321)
Validation Batch: [300/391]	Loss 6.8638 (6.9077)	Top 1 Accuracy 17.480 (17.955)	Top 5 Accuracy 30.488 (30.382)
Validation Epoch: 2	BLEU-1 (0.37096761962538866)	BLEU-2 (0.2583835595558625)	BLEU-3 (0.17658157323544704)	BLEU-4 (0.11419705835231887)	
Saved model to model/model_2.pth
Train Batch: [0/6468]	Loss 3.6289 (3.6289)	Top 1 Accuracy 45.380 (45.380)	Top 5 Accuracy 69.837 (69.837)
Train Batch: [100/6468]	Loss 3.6627 (3.6572)	Top 1 Accuracy 46.195 (44.970)	Top 5 Accuracy 68.892 (69.480)
Train Batch: [200/6468]	Loss 3.8245 (3.6591)	Top 1 Accuracy 43.857 (44.976)	Top 5 Accuracy 66.143 (69.383)
Train Batch: [300/6468]	Loss 3.6686 (3.6534)	Top 1 Accuracy 46.093 (45.066)	Top 5 Accuracy 68.874 (69.468)
Train Batch: [400/6468]	Loss 3.6776 (3.6492)	Top 1 Accuracy 44.712 (45.098)	Top 5 Accuracy 70.683 (69.567)
Train Batch: [500/6468]	Loss 3.5981 (3.6509)	Top 1 Accuracy 45.127 (45.125)	Top 5 Accuracy 69.426 (69.549)
Train Batch: [600/6468]	Loss 3.6990 (3.6481)	Top 1 Accuracy 42.780 (45.146)	Top 5 Accuracy 68.421 (69.610)
Train Batch: [700/6468]	Loss 3.7636 (3.6483)	Top 1 Accuracy 41.997 (45.131)	Top 5 Accuracy 70.041 (69.588)
Train Batch: [800/6468]	Loss 3.5072 (3.6443)	Top 1 Accuracy 46.122 (45.181)	Top 5 Accuracy 71.973 (69.661)
Train Batch: [900/6468]	Loss 3.8909 (3.6441)	Top 1 Accuracy 42.329 (45.196)	Top 5 Accuracy 65.616 (69.666)
Train Batch: [1000/6468]	Loss 3.8505 (3.6436)	Top 1 Accuracy 42.162 (45.207)	Top 5 Accuracy 68.514 (69.671)
Train Batch: [1100/6468]	Loss 3.6100 (3.6416)	Top 1 Accuracy 46.399 (45.217)	Top 5 Accuracy 69.806 (69.702)
Train Batch: [1200/6468]	Loss 3.7931 (3.6410)	Top 1 Accuracy 40.584 (45.247)	Top 5 Accuracy 67.507 (69.705)
Train Batch: [1300/6468]	Loss 3.5975 (3.6390)	Top 1 Accuracy 44.297 (45.256)	Top 5 Accuracy 70.027 (69.731)
Train Batch: [1400/6468]	Loss 3.5911 (3.6387)	Top 1 Accuracy 46.019 (45.276)	Top 5 Accuracy 71.255 (69.721)
Train Batch: [1500/6468]	Loss 3.4601 (3.6366)	Top 1 Accuracy 48.764 (45.288)	Top 5 Accuracy 71.703 (69.741)
Train Batch: [1600/6468]	Loss 3.7375 (3.6372)	Top 1 Accuracy 44.033 (45.285)	Top 5 Accuracy 68.587 (69.733)
Train Batch: [1700/6468]	Loss 3.6896 (3.6367)	Top 1 Accuracy 44.552 (45.293)	Top 5 Accuracy 70.069 (69.739)
Train Batch: [1800/6468]	Loss 3.6023 (3.6353)	Top 1 Accuracy 45.195 (45.300)	Top 5 Accuracy 69.351 (69.764)
Train Batch: [1900/6468]	Loss 3.8228 (3.6347)	Top 1 Accuracy 42.255 (45.302)	Top 5 Accuracy 67.120 (69.764)
Train Batch: [2000/6468]	Loss 3.5529 (3.6335)	Top 1 Accuracy 45.828 (45.304)	Top 5 Accuracy 69.904 (69.778)
Train Batch: [2100/6468]	Loss 3.4547 (3.6329)	Top 1 Accuracy 44.856 (45.308)	Top 5 Accuracy 70.782 (69.789)
Train Batch: [2200/6468]	Loss 3.5418 (3.6314)	Top 1 Accuracy 46.518 (45.332)	Top 5 Accuracy 71.170 (69.810)
Train Batch: [2300/6468]	Loss 3.4711 (3.6302)	Top 1 Accuracy 45.904 (45.340)	Top 5 Accuracy 73.602 (69.837)
Train Batch: [2400/6468]	Loss 3.5127 (3.6300)	Top 1 Accuracy 47.922 (45.333)	Top 5 Accuracy 71.884 (69.845)
Train Batch: [2500/6468]	Loss 3.5784 (3.6291)	Top 1 Accuracy 45.235 (45.346)	Top 5 Accuracy 72.081 (69.864)
Train Batch: [2600/6468]	Loss 3.5352 (3.6289)	Top 1 Accuracy 46.703 (45.354)	Top 5 Accuracy 72.253 (69.861)
Train Batch: [2700/6468]	Loss 3.7669 (3.6288)	Top 1 Accuracy 43.583 (45.352)	Top 5 Accuracy 66.444 (69.857)
Train Batch: [2800/6468]	Loss 3.5722 (3.6288)	Top 1 Accuracy 48.022 (45.355)	Top 5 Accuracy 71.078 (69.857)
Train Batch: [2900/6468]	Loss 3.8652 (3.6283)	Top 1 Accuracy 42.517 (45.360)	Top 5 Accuracy 65.828 (69.863)
Train Batch: [3000/6468]	Loss 3.7264 (3.6275)	Top 1 Accuracy 45.238 (45.372)	Top 5 Accuracy 68.651 (69.872)
Train Batch: [3100/6468]	Loss 3.6624 (3.6262)	Top 1 Accuracy 43.162 (45.378)	Top 5 Accuracy 69.088 (69.893)
Train Batch: [3200/6468]	Loss 3.6218 (3.6258)	Top 1 Accuracy 47.059 (45.387)	Top 5 Accuracy 69.118 (69.894)
Train Batch: [3300/6468]	Loss 3.5576 (3.6247)	Top 1 Accuracy 46.489 (45.404)	Top 5 Accuracy 71.208 (69.910)
Train Batch: [3400/6468]	Loss 3.4700 (3.6246)	Top 1 Accuracy 46.866 (45.406)	Top 5 Accuracy 72.071 (69.908)
Train Batch: [3500/6468]	Loss 3.5228 (3.6240)	Top 1 Accuracy 47.989 (45.418)	Top 5 Accuracy 71.408 (69.913)
Train Batch: [3600/6468]	Loss 3.5269 (3.6230)	Top 1 Accuracy 45.248 (45.433)	Top 5 Accuracy 70.638 (69.927)
Train Batch: [3700/6468]	Loss 3.5550 (3.6226)	Top 1 Accuracy 46.648 (45.438)	Top 5 Accuracy 69.494 (69.932)
Train Batch: [3800/6468]	Loss 3.7458 (3.6216)	Top 1 Accuracy 43.404 (45.448)	Top 5 Accuracy 68.074 (69.944)
Train Batch: [3900/6468]	Loss 3.7481 (3.6215)	Top 1 Accuracy 44.110 (45.451)	Top 5 Accuracy 67.801 (69.944)
Train Batch: [4000/6468]	Loss 3.4848 (3.6206)	Top 1 Accuracy 46.133 (45.453)	Top 5 Accuracy 70.304 (69.956)
Train Batch: [4100/6468]	Loss 3.4723 (3.6195)	Top 1 Accuracy 48.338 (45.468)	Top 5 Accuracy 72.853 (69.974)
Train Batch: [4200/6468]	Loss 3.5489 (3.6182)	Top 1 Accuracy 45.787 (45.478)	Top 5 Accuracy 70.646 (69.989)
Train Batch: [4300/6468]	Loss 3.4654 (3.6175)	Top 1 Accuracy 48.626 (45.488)	Top 5 Accuracy 72.253 (69.999)
Train Batch: [4400/6468]	Loss 3.6336 (3.6170)	Top 1 Accuracy 44.272 (45.495)	Top 5 Accuracy 69.165 (70.003)
Train Batch: [4500/6468]	Loss 3.8404 (3.6163)	Top 1 Accuracy 41.333 (45.501)	Top 5 Accuracy 68.133 (70.014)
Train Batch: [4600/6468]	Loss 3.5600 (3.6157)	Top 1 Accuracy 48.336 (45.510)	Top 5 Accuracy 72.170 (70.021)
Train Batch: [4700/6468]	Loss 3.6022 (3.6152)	Top 1 Accuracy 47.514 (45.516)	Top 5 Accuracy 70.718 (70.029)
Train Batch: [4800/6468]	Loss 3.9317 (3.6143)	Top 1 Accuracy 42.527 (45.526)	Top 5 Accuracy 64.810 (70.037)
Train Batch: [4900/6468]	Loss 3.7004 (3.6140)	Top 1 Accuracy 42.472 (45.528)	Top 5 Accuracy 69.034 (70.040)
Train Batch: [5000/6468]	Loss 3.6342 (3.6134)	Top 1 Accuracy 46.206 (45.534)	Top 5 Accuracy 69.783 (70.048)
Train Batch: [5100/6468]	Loss 3.2868 (3.6123)	Top 1 Accuracy 50.272 (45.549)	Top 5 Accuracy 74.049 (70.063)
Train Batch: [5200/6468]	Loss 3.5844 (3.6120)	Top 1 Accuracy 47.906 (45.550)	Top 5 Accuracy 70.681 (70.065)
Train Batch: [5300/6468]	Loss 3.6403 (3.6115)	Top 1 Accuracy 46.947 (45.556)	Top 5 Accuracy 69.199 (70.072)
Train Batch: [5400/6468]	Loss 3.3700 (3.6109)	Top 1 Accuracy 46.897 (45.560)	Top 5 Accuracy 73.241 (70.080)
Train Batch: [5500/6468]	Loss 3.6991 (3.6103)	Top 1 Accuracy 45.640 (45.568)	Top 5 Accuracy 70.572 (70.088)
Train Batch: [5600/6468]	Loss 3.6425 (3.6096)	Top 1 Accuracy 46.185 (45.571)	Top 5 Accuracy 68.256 (70.099)
Train Batch: [5700/6468]	Loss 3.3256 (3.6088)	Top 1 Accuracy 48.977 (45.580)	Top 5 Accuracy 72.442 (70.106)
Train Batch: [5800/6468]	Loss 3.7113 (3.6082)	Top 1 Accuracy 43.280 (45.587)	Top 5 Accuracy 68.280 (70.115)
Train Batch: [5900/6468]	Loss 3.4362 (3.6081)	Top 1 Accuracy 48.942 (45.585)	Top 5 Accuracy 71.958 (70.117)
Train Batch: [6000/6468]	Loss 3.5126 (3.6072)	Top 1 Accuracy 45.392 (45.597)	Top 5 Accuracy 72.077 (70.130)
Train Batch: [6100/6468]	Loss 3.5871 (3.6061)	Top 1 Accuracy 47.230 (45.610)	Top 5 Accuracy 69.945 (70.145)
Train Batch: [6200/6468]	Loss 3.7473 (3.6054)	Top 1 Accuracy 45.355 (45.614)	Top 5 Accuracy 66.803 (70.154)
Train Batch: [6300/6468]	Loss 3.6081 (3.6046)	Top 1 Accuracy 45.863 (45.623)	Top 5 Accuracy 69.144 (70.165)
Train Batch: [6400/6468]	Loss 3.3820 (3.6039)	Top 1 Accuracy 49.183 (45.633)	Top 5 Accuracy 72.071 (70.174)
Validation Batch: [0/391]	Loss 7.1889 (7.1889)	Top 1 Accuracy 17.044 (17.044)	Top 5 Accuracy 30.360 (30.360)
Validation Batch: [100/391]	Loss 7.1986 (7.0120)	Top 1 Accuracy 16.371 (18.453)	Top 5 Accuracy 29.332 (30.882)
Validation Batch: [200/391]	Loss 7.1253 (7.0184)	Top 1 Accuracy 17.279 (18.372)	Top 5 Accuracy 27.755 (30.816)
Validation Batch: [300/391]	Loss 7.1048 (7.0165)	Top 1 Accuracy 17.615 (18.340)	Top 5 Accuracy 30.352 (30.861)
Validation Epoch: 3	BLEU-1 (0.3712754864747273)	BLEU-2 (0.2608781005558147)	BLEU-3 (0.17929484298196338)	BLEU-4 (0.11782777124591434)	
Saved model to model/model_3.pth
Train Batch: [0/6468]	Loss 3.5605 (3.5605)	Top 1 Accuracy 45.565 (45.565)	Top 5 Accuracy 69.624 (69.624)
Train Batch: [100/6468]	Loss 3.7327 (3.5302)	Top 1 Accuracy 43.961 (46.493)	Top 5 Accuracy 70.506 (71.112)
Train Batch: [200/6468]	Loss 3.5404 (3.5387)	Top 1 Accuracy 47.679 (46.377)	Top 5 Accuracy 72.714 (70.977)
Train Batch: [300/6468]	Loss 3.4101 (3.5339)	Top 1 Accuracy 45.325 (46.361)	Top 5 Accuracy 73.117 (71.080)
Train Batch: [400/6468]	Loss 3.2384 (3.5304)	Top 1 Accuracy 48.774 (46.407)	Top 5 Accuracy 74.796 (71.103)
Train Batch: [500/6468]	Loss 3.6756 (3.5270)	Top 1 Accuracy 45.612 (46.420)	Top 5 Accuracy 71.144 (71.168)
Train Batch: [600/6468]	Loss 3.4871 (3.5240)	Top 1 Accuracy 47.881 (46.462)	Top 5 Accuracy 72.316 (71.160)
Train Batch: [700/6468]	Loss 3.5176 (3.5252)	Top 1 Accuracy 46.611 (46.446)	Top 5 Accuracy 71.784 (71.117)
Train Batch: [800/6468]	Loss 3.6563 (3.5280)	Top 1 Accuracy 43.375 (46.418)	Top 5 Accuracy 70.711 (71.085)
Train Batch: [900/6468]	Loss 3.5100 (3.5288)	Top 1 Accuracy 47.966 (46.392)	Top 5 Accuracy 69.425 (71.069)
Train Batch: [1000/6468]	Loss 3.3931 (3.5284)	Top 1 Accuracy 48.850 (46.409)	Top 5 Accuracy 73.478 (71.074)
Train Batch: [1100/6468]	Loss 3.5130 (3.5274)	Top 1 Accuracy 45.706 (46.409)	Top 5 Accuracy 73.546 (71.094)
Train Batch: [1200/6468]	Loss 3.1480 (3.5268)	Top 1 Accuracy 54.202 (46.405)	Top 5 Accuracy 75.910 (71.093)
Train Batch: [1300/6468]	Loss 3.6402 (3.5248)	Top 1 Accuracy 45.076 (46.422)	Top 5 Accuracy 68.100 (71.131)
Train Batch: [1400/6468]	Loss 3.4492 (3.5258)	Top 1 Accuracy 46.174 (46.421)	Top 5 Accuracy 71.946 (71.126)
Train Batch: [1500/6468]	Loss 3.6558 (3.5247)	Top 1 Accuracy 44.415 (46.447)	Top 5 Accuracy 69.717 (71.129)
Train Batch: [1600/6468]	Loss 3.4732 (3.5246)	Top 1 Accuracy 47.625 (46.443)	Top 5 Accuracy 71.504 (71.154)
Train Batch: [1700/6468]	Loss 3.3594 (3.5251)	Top 1 Accuracy 49.577 (46.441)	Top 5 Accuracy 74.366 (71.143)
Train Batch: [1800/6468]	Loss 3.4356 (3.5243)	Top 1 Accuracy 47.599 (46.456)	Top 5 Accuracy 72.702 (71.164)
Train Batch: [1900/6468]	Loss 3.6062 (3.5245)	Top 1 Accuracy 44.338 (46.453)	Top 5 Accuracy 71.351 (71.157)
Train Batch: [2000/6468]	Loss 3.5329 (3.5237)	Top 1 Accuracy 45.367 (46.468)	Top 5 Accuracy 72.061 (71.162)
Train Batch: [2100/6468]	Loss 3.4140 (3.5234)	Top 1 Accuracy 47.507 (46.477)	Top 5 Accuracy 71.916 (71.170)
Train Batch: [2200/6468]	Loss 3.7165 (3.5223)	Top 1 Accuracy 45.245 (46.484)	Top 5 Accuracy 68.876 (71.188)
Train Batch: [2300/6468]	Loss 3.5858 (3.5216)	Top 1 Accuracy 45.087 (46.492)	Top 5 Accuracy 69.987 (71.200)
Train Batch: [2400/6468]	Loss 3.4508 (3.5219)	Top 1 Accuracy 47.646 (46.487)	Top 5 Accuracy 73.609 (71.190)
Train Batch: [2500/6468]	Loss 3.5362 (3.5204)	Top 1 Accuracy 47.619 (46.505)	Top 5 Accuracy 71.042 (71.209)
Train Batch: [2600/6468]	Loss 3.3217 (3.5203)	Top 1 Accuracy 47.665 (46.502)	Top 5 Accuracy 73.764 (71.211)
Train Batch: [2700/6468]	Loss 3.5903 (3.5198)	Top 1 Accuracy 45.442 (46.511)	Top 5 Accuracy 72.370 (71.218)
Train Batch: [2800/6468]	Loss 3.4317 (3.5199)	Top 1 Accuracy 45.127 (46.510)	Top 5 Accuracy 73.164 (71.219)
Train Batch: [2900/6468]	Loss 3.3696 (3.5203)	Top 1 Accuracy 47.554 (46.500)	Top 5 Accuracy 72.418 (71.216)
Train Batch: [3000/6468]	Loss 3.6223 (3.5197)	Top 1 Accuracy 43.425 (46.504)	Top 5 Accuracy 68.356 (71.229)
Train Batch: [3100/6468]	Loss 3.4909 (3.5198)	Top 1 Accuracy 47.001 (46.508)	Top 5 Accuracy 72.524 (71.225)
Train Batch: [3200/6468]	Loss 3.4822 (3.5189)	Top 1 Accuracy 47.734 (46.518)	Top 5 Accuracy 69.972 (71.234)
Train Batch: [3300/6468]	Loss 3.4338 (3.5185)	Top 1 Accuracy 48.704 (46.522)	Top 5 Accuracy 73.533 (71.235)
Train Batch: [3400/6468]	Loss 3.3559 (3.5182)	Top 1 Accuracy 46.006 (46.533)	Top 5 Accuracy 73.416 (71.243)
Train Batch: [3500/6468]	Loss 3.2525 (3.5187)	Top 1 Accuracy 48.889 (46.531)	Top 5 Accuracy 75.694 (71.234)
Train Batch: [3600/6468]	Loss 3.4214 (3.5173)	Top 1 Accuracy 46.721 (46.545)	Top 5 Accuracy 72.951 (71.252)
Train Batch: [3700/6468]	Loss 3.5243 (3.5169)	Top 1 Accuracy 46.296 (46.548)	Top 5 Accuracy 71.561 (71.258)
Train Batch: [3800/6468]	Loss 3.4259 (3.5164)	Top 1 Accuracy 46.797 (46.553)	Top 5 Accuracy 70.891 (71.264)
Train Batch: [3900/6468]	Loss 3.5695 (3.5163)	Top 1 Accuracy 44.589 (46.551)	Top 5 Accuracy 71.056 (71.262)
Train Batch: [4000/6468]	Loss 3.4704 (3.5158)	Top 1 Accuracy 47.115 (46.552)	Top 5 Accuracy 71.566 (71.272)
Train Batch: [4100/6468]	Loss 3.6343 (3.5152)	Top 1 Accuracy 44.744 (46.560)	Top 5 Accuracy 69.542 (71.277)
Train Batch: [4200/6468]	Loss 3.6681 (3.5150)	Top 1 Accuracy 44.311 (46.555)	Top 5 Accuracy 70.817 (71.279)
Train Batch: [4300/6468]	Loss 3.5567 (3.5142)	Top 1 Accuracy 44.293 (46.558)	Top 5 Accuracy 69.565 (71.289)
Train Batch: [4400/6468]	Loss 3.3874 (3.5137)	Top 1 Accuracy 46.883 (46.565)	Top 5 Accuracy 73.577 (71.299)
Train Batch: [4500/6468]	Loss 3.8708 (3.5134)	Top 1 Accuracy 42.595 (46.569)	Top 5 Accuracy 66.710 (71.304)
Train Batch: [4600/6468]	Loss 3.3968 (3.5124)	Top 1 Accuracy 47.196 (46.582)	Top 5 Accuracy 72.093 (71.318)
Train Batch: [4700/6468]	Loss 3.2599 (3.5121)	Top 1 Accuracy 49.861 (46.586)	Top 5 Accuracy 73.611 (71.323)
Train Batch: [4800/6468]	Loss 3.3728 (3.5120)	Top 1 Accuracy 48.847 (46.587)	Top 5 Accuracy 73.948 (71.322)
Train Batch: [4900/6468]	Loss 3.6550 (3.5116)	Top 1 Accuracy 46.328 (46.593)	Top 5 Accuracy 69.693 (71.327)
Train Batch: [5000/6468]	Loss 3.5873 (3.5113)	Top 1 Accuracy 45.273 (46.596)	Top 5 Accuracy 69.907 (71.331)
Train Batch: [5100/6468]	Loss 3.5553 (3.5110)	Top 1 Accuracy 48.183 (46.602)	Top 5 Accuracy 69.717 (71.336)
Train Batch: [5200/6468]	Loss 3.5471 (3.5103)	Top 1 Accuracy 46.399 (46.610)	Top 5 Accuracy 71.468 (71.347)
Train Batch: [5300/6468]	Loss 3.3419 (3.5100)	Top 1 Accuracy 46.922 (46.610)	Top 5 Accuracy 72.914 (71.350)
Train Batch: [5400/6468]	Loss 3.3884 (3.5101)	Top 1 Accuracy 47.165 (46.608)	Top 5 Accuracy 74.689 (71.345)
Train Batch: [5500/6468]	Loss 3.4176 (3.5096)	Top 1 Accuracy 48.609 (46.617)	Top 5 Accuracy 71.921 (71.350)
Train Batch: [5600/6468]	Loss 3.4648 (3.5096)	Top 1 Accuracy 45.095 (46.620)	Top 5 Accuracy 71.117 (71.349)
Train Batch: [5700/6468]	Loss 3.5401 (3.5090)	Top 1 Accuracy 47.130 (46.628)	Top 5 Accuracy 71.696 (71.355)
Train Batch: [5800/6468]	Loss 3.4759 (3.5084)	Top 1 Accuracy 46.685 (46.637)	Top 5 Accuracy 70.166 (71.363)
Train Batch: [5900/6468]	Loss 3.3205 (3.5080)	Top 1 Accuracy 47.425 (46.649)	Top 5 Accuracy 73.171 (71.371)
Train Batch: [6000/6468]	Loss 3.3685 (3.5075)	Top 1 Accuracy 48.945 (46.656)	Top 5 Accuracy 72.574 (71.380)
Train Batch: [6100/6468]	Loss 3.4792 (3.5071)	Top 1 Accuracy 46.772 (46.660)	Top 5 Accuracy 70.751 (71.384)
Train Batch: [6200/6468]	Loss 3.3898 (3.5071)	Top 1 Accuracy 49.128 (46.663)	Top 5 Accuracy 73.691 (71.384)
Train Batch: [6300/6468]	Loss 3.6245 (3.5073)	Top 1 Accuracy 43.324 (46.659)	Top 5 Accuracy 69.886 (71.384)
Train Batch: [6400/6468]	Loss 3.2306 (3.5067)	Top 1 Accuracy 50.624 (46.668)	Top 5 Accuracy 74.757 (71.390)
Validation Batch: [0/391]	Loss 7.1681 (7.1681)	Top 1 Accuracy 18.946 (18.946)	Top 5 Accuracy 28.205 (28.205)
Validation Batch: [100/391]	Loss 7.0684 (7.0983)	Top 1 Accuracy 18.008 (18.109)	Top 5 Accuracy 30.696 (30.660)
Validation Batch: [200/391]	Loss 7.1036 (7.0764)	Top 1 Accuracy 17.959 (18.285)	Top 5 Accuracy 30.204 (30.949)
Validation Batch: [300/391]	Loss 6.9762 (7.0757)	Top 1 Accuracy 17.431 (18.309)	Top 5 Accuracy 31.062 (30.984)
Validation Epoch: 4	BLEU-1 (0.37797820368282603)	BLEU-2 (0.26668159511010786)	BLEU-3 (0.18327662118230842)	BLEU-4 (0.12050178011057085)	
Saved model to model/model_4.pth
slurmstepd: error: *** JOB 10865641 ON gpu-70 CANCELLED AT 2018-12-14T13:49:36 ***
