Starting training with Namespace(alpha_c=1, batch_size=64, data='data/coco', epochs=10, log_interval=100, lr=0.0001, step_size=5)
Train Batch: [0/6468]	Loss 9.7108 (9.7108)	Top 1 Accuracy 0.000 (0.000)	Top 5 Accuracy 0.064 (0.064)
Train Batch: [100/6468]	Loss 2.0163 (3.5165)	Top 1 Accuracy 77.679 (75.903)	Top 5 Accuracy 83.036 (79.345)
Train Batch: [200/6468]	Loss 1.7927 (2.7061)	Top 1 Accuracy 81.856 (78.017)	Top 5 Accuracy 84.694 (81.563)
Train Batch: [300/6468]	Loss 1.7344 (2.4019)	Top 1 Accuracy 82.366 (79.199)	Top 5 Accuracy 85.619 (82.610)
Train Batch: [400/6468]	Loss 1.7081 (2.2347)	Top 1 Accuracy 82.430 (79.949)	Top 5 Accuracy 86.129 (83.374)
Train Batch: [500/6468]	Loss 1.7640 (2.1275)	Top 1 Accuracy 81.696 (80.465)	Top 5 Accuracy 85.491 (83.931)
Train Batch: [600/6468]	Loss 1.6656 (2.0503)	Top 1 Accuracy 83.099 (80.885)	Top 5 Accuracy 86.352 (84.392)
Train Batch: [700/6468]	Loss 1.5912 (1.9907)	Top 1 Accuracy 83.610 (81.209)	Top 5 Accuracy 87.436 (84.765)
Train Batch: [800/6468]	Loss 1.5354 (1.9438)	Top 1 Accuracy 84.120 (81.467)	Top 5 Accuracy 88.648 (85.078)
Train Batch: [900/6468]	Loss 1.6110 (1.9049)	Top 1 Accuracy 83.323 (81.695)	Top 5 Accuracy 87.659 (85.363)
Train Batch: [1000/6468]	Loss 1.5163 (1.8714)	Top 1 Accuracy 84.247 (81.894)	Top 5 Accuracy 88.425 (85.623)
Train Batch: [1100/6468]	Loss 1.5160 (1.8415)	Top 1 Accuracy 84.343 (82.089)	Top 5 Accuracy 88.457 (85.873)
Train Batch: [1200/6468]	Loss 1.6181 (1.8152)	Top 1 Accuracy 83.323 (82.263)	Top 5 Accuracy 87.787 (86.101)
Train Batch: [1300/6468]	Loss 1.5086 (1.7921)	Top 1 Accuracy 84.630 (82.413)	Top 5 Accuracy 88.648 (86.310)
Train Batch: [1400/6468]	Loss 1.3670 (1.7710)	Top 1 Accuracy 85.969 (82.555)	Top 5 Accuracy 90.848 (86.508)
Train Batch: [1500/6468]	Loss 1.4627 (1.7519)	Top 1 Accuracy 84.662 (82.681)	Top 5 Accuracy 89.349 (86.688)
Train Batch: [1600/6468]	Loss 1.4142 (1.7342)	Top 1 Accuracy 85.619 (82.807)	Top 5 Accuracy 90.434 (86.861)
Train Batch: [1700/6468]	Loss 1.5305 (1.7189)	Top 1 Accuracy 84.120 (82.908)	Top 5 Accuracy 89.126 (87.010)
Train Batch: [1800/6468]	Loss 1.4026 (1.7041)	Top 1 Accuracy 85.013 (83.013)	Top 5 Accuracy 90.370 (87.159)
Train Batch: [1900/6468]	Loss 1.4201 (1.6904)	Top 1 Accuracy 85.204 (83.109)	Top 5 Accuracy 90.497 (87.298)
Train Batch: [2000/6468]	Loss 1.4296 (1.6774)	Top 1 Accuracy 85.140 (83.203)	Top 5 Accuracy 90.306 (87.431)
Train Batch: [2100/6468]	Loss 1.4423 (1.6653)	Top 1 Accuracy 85.077 (83.289)	Top 5 Accuracy 89.700 (87.557)
Train Batch: [2200/6468]	Loss 1.4783 (1.6541)	Top 1 Accuracy 84.311 (83.371)	Top 5 Accuracy 89.477 (87.673)
Train Batch: [2300/6468]	Loss 1.4011 (1.6434)	Top 1 Accuracy 85.364 (83.452)	Top 5 Accuracy 90.370 (87.788)
Train Batch: [2400/6468]	Loss 1.4120 (1.6330)	Top 1 Accuracy 85.268 (83.533)	Top 5 Accuracy 90.370 (87.899)
Train Batch: [2500/6468]	Loss 1.3632 (1.6237)	Top 1 Accuracy 85.300 (83.603)	Top 5 Accuracy 90.657 (87.999)
Train Batch: [2600/6468]	Loss 1.3844 (1.6148)	Top 1 Accuracy 85.077 (83.666)	Top 5 Accuracy 90.753 (88.094)
Train Batch: [2700/6468]	Loss 1.3938 (1.6063)	Top 1 Accuracy 85.077 (83.731)	Top 5 Accuracy 90.753 (88.187)
Train Batch: [2800/6468]	Loss 1.3377 (1.5981)	Top 1 Accuracy 86.320 (83.795)	Top 5 Accuracy 91.454 (88.275)
Train Batch: [2900/6468]	Loss 1.3773 (1.5905)	Top 1 Accuracy 85.619 (83.851)	Top 5 Accuracy 90.753 (88.358)
Train Batch: [3000/6468]	Loss 1.3942 (1.5833)	Top 1 Accuracy 85.364 (83.904)	Top 5 Accuracy 90.721 (88.437)
Train Batch: [3100/6468]	Loss 1.2898 (1.5762)	Top 1 Accuracy 86.543 (83.958)	Top 5 Accuracy 91.709 (88.515)
Train Batch: [3200/6468]	Loss 1.3859 (1.5694)	Top 1 Accuracy 85.874 (84.010)	Top 5 Accuracy 90.657 (88.591)
Train Batch: [3300/6468]	Loss 1.3937 (1.5628)	Top 1 Accuracy 85.746 (84.062)	Top 5 Accuracy 91.008 (88.665)
Train Batch: [3400/6468]	Loss 1.3393 (1.5565)	Top 1 Accuracy 85.810 (84.112)	Top 5 Accuracy 90.976 (88.735)
Train Batch: [3500/6468]	Loss 1.3202 (1.5506)	Top 1 Accuracy 86.193 (84.157)	Top 5 Accuracy 91.454 (88.800)
Train Batch: [3600/6468]	Loss 1.3463 (1.5447)	Top 1 Accuracy 86.065 (84.202)	Top 5 Accuracy 90.912 (88.866)
Train Batch: [3700/6468]	Loss 1.3350 (1.5391)	Top 1 Accuracy 86.097 (84.248)	Top 5 Accuracy 91.103 (88.929)
Train Batch: [3800/6468]	Loss 1.2935 (1.5337)	Top 1 Accuracy 86.288 (84.290)	Top 5 Accuracy 91.614 (88.990)
Train Batch: [3900/6468]	Loss 1.3517 (1.5286)	Top 1 Accuracy 85.969 (84.330)	Top 5 Accuracy 91.135 (89.047)
Train Batch: [4000/6468]	Loss 1.3408 (1.5236)	Top 1 Accuracy 85.874 (84.368)	Top 5 Accuracy 91.167 (89.105)
Train Batch: [4100/6468]	Loss 1.3524 (1.5187)	Top 1 Accuracy 85.619 (84.407)	Top 5 Accuracy 91.103 (89.162)
Train Batch: [4200/6468]	Loss 1.3863 (1.5141)	Top 1 Accuracy 85.491 (84.443)	Top 5 Accuracy 90.848 (89.213)
Train Batch: [4300/6468]	Loss 1.3213 (1.5098)	Top 1 Accuracy 85.555 (84.476)	Top 5 Accuracy 91.008 (89.262)
Train Batch: [4400/6468]	Loss 1.3422 (1.5056)	Top 1 Accuracy 85.714 (84.508)	Top 5 Accuracy 91.645 (89.309)
Train Batch: [4500/6468]	Loss 1.2717 (1.5013)	Top 1 Accuracy 86.065 (84.542)	Top 5 Accuracy 91.901 (89.358)
Train Batch: [4600/6468]	Loss 1.3632 (1.4974)	Top 1 Accuracy 85.268 (84.573)	Top 5 Accuracy 90.880 (89.402)
Train Batch: [4700/6468]	Loss 1.3217 (1.4936)	Top 1 Accuracy 85.842 (84.602)	Top 5 Accuracy 91.103 (89.445)
Train Batch: [4800/6468]	Loss 1.2848 (1.4898)	Top 1 Accuracy 86.161 (84.633)	Top 5 Accuracy 91.805 (89.489)
Train Batch: [4900/6468]	Loss 1.3414 (1.4860)	Top 1 Accuracy 85.491 (84.665)	Top 5 Accuracy 91.008 (89.533)
Train Batch: [5000/6468]	Loss 1.2925 (1.4822)	Top 1 Accuracy 86.193 (84.695)	Top 5 Accuracy 91.964 (89.575)
Train Batch: [5100/6468]	Loss 1.3040 (1.4787)	Top 1 Accuracy 86.735 (84.724)	Top 5 Accuracy 91.263 (89.617)
Train Batch: [5200/6468]	Loss 1.2628 (1.4754)	Top 1 Accuracy 86.575 (84.750)	Top 5 Accuracy 92.060 (89.655)
Train Batch: [5300/6468]	Loss 1.2918 (1.4721)	Top 1 Accuracy 85.746 (84.775)	Top 5 Accuracy 91.709 (89.691)
Train Batch: [5400/6468]	Loss 1.3307 (1.4689)	Top 1 Accuracy 85.236 (84.801)	Top 5 Accuracy 91.071 (89.728)
Train Batch: [5500/6468]	Loss 1.3747 (1.4658)	Top 1 Accuracy 85.714 (84.826)	Top 5 Accuracy 90.721 (89.764)
Train Batch: [5600/6468]	Loss 1.2820 (1.4626)	Top 1 Accuracy 86.703 (84.853)	Top 5 Accuracy 91.837 (89.801)
Train Batch: [5700/6468]	Loss 1.3588 (1.4596)	Top 1 Accuracy 85.810 (84.876)	Top 5 Accuracy 91.103 (89.835)
Train Batch: [5800/6468]	Loss 1.3531 (1.4567)	Top 1 Accuracy 85.459 (84.901)	Top 5 Accuracy 90.912 (89.869)
Train Batch: [5900/6468]	Loss 1.3255 (1.4537)	Top 1 Accuracy 86.288 (84.925)	Top 5 Accuracy 91.773 (89.903)
Train Batch: [6000/6468]	Loss 1.2282 (1.4509)	Top 1 Accuracy 87.245 (84.949)	Top 5 Accuracy 92.315 (89.937)
Train Batch: [6100/6468]	Loss 1.2990 (1.4481)	Top 1 Accuracy 86.097 (84.972)	Top 5 Accuracy 91.518 (89.969)
Train Batch: [6200/6468]	Loss 1.3568 (1.4454)	Top 1 Accuracy 85.491 (84.993)	Top 5 Accuracy 91.327 (90.000)
Train Batch: [6300/6468]	Loss 1.2814 (1.4428)	Top 1 Accuracy 86.575 (85.014)	Top 5 Accuracy 91.741 (90.030)
Train Batch: [6400/6468]	Loss 1.2604 (1.4402)	Top 1 Accuracy 86.735 (85.037)	Top 5 Accuracy 92.219 (90.061)
Validation Batch: [0/391]	Loss 2.3752 (2.3752)	Top 1 Accuracy 78.221 (78.221)	Top 5 Accuracy 81.665 (81.665)
Validation Batch: [100/391]	Loss 2.4092 (2.2972)	Top 1 Accuracy 78.061 (78.785)	Top 5 Accuracy 81.824 (82.471)
Validation Batch: [200/391]	Loss 2.2148 (2.2942)	Top 1 Accuracy 79.751 (78.803)	Top 5 Accuracy 83.004 (82.516)
Validation Batch: [300/391]	Loss 2.2152 (2.2942)	Top 1 Accuracy 79.082 (78.804)	Top 5 Accuracy 83.291 (82.510)
Validation Epoch: 1	BLEU-1 (0.6807061648718622)	BLEU-2 (0.47072253767090033)	BLEU-3 (0.3222992179914289)	BLEU-4 (0.21328253218234394)	
Saved model to model/model_1.pth
Train Batch: [0/6468]	Loss 1.3419 (1.3419)	Top 1 Accuracy 85.874 (85.874)	Top 5 Accuracy 90.816 (90.816)
Train Batch: [100/6468]	Loss 1.2607 (1.2687)	Top 1 Accuracy 86.543 (86.489)	Top 5 Accuracy 92.188 (92.009)
Train Batch: [200/6468]	Loss 1.2157 (1.2674)	Top 1 Accuracy 87.372 (86.519)	Top 5 Accuracy 92.347 (92.054)
Train Batch: [300/6468]	Loss 1.2664 (1.2675)	Top 1 Accuracy 86.543 (86.482)	Top 5 Accuracy 92.188 (92.049)
Train Batch: [400/6468]	Loss 1.3247 (1.2684)	Top 1 Accuracy 85.842 (86.464)	Top 5 Accuracy 91.422 (92.034)
Train Batch: [500/6468]	Loss 1.2159 (1.2674)	Top 1 Accuracy 87.213 (86.474)	Top 5 Accuracy 92.251 (92.053)
Train Batch: [600/6468]	Loss 1.2414 (1.2680)	Top 1 Accuracy 87.149 (86.461)	Top 5 Accuracy 92.443 (92.041)
Train Batch: [700/6468]	Loss 1.2999 (1.2677)	Top 1 Accuracy 86.735 (86.462)	Top 5 Accuracy 91.932 (92.051)
Train Batch: [800/6468]	Loss 1.2755 (1.2676)	Top 1 Accuracy 87.085 (86.465)	Top 5 Accuracy 92.219 (92.050)
Train Batch: [900/6468]	Loss 1.2666 (1.2671)	Top 1 Accuracy 86.320 (86.466)	Top 5 Accuracy 92.060 (92.058)
Train Batch: [1000/6468]	Loss 1.2922 (1.2668)	Top 1 Accuracy 86.607 (86.470)	Top 5 Accuracy 91.422 (92.059)
Train Batch: [1100/6468]	Loss 1.2815 (1.2660)	Top 1 Accuracy 86.033 (86.476)	Top 5 Accuracy 91.741 (92.072)
Train Batch: [1200/6468]	Loss 1.2561 (1.2658)	Top 1 Accuracy 86.990 (86.476)	Top 5 Accuracy 91.805 (92.076)
Train Batch: [1300/6468]	Loss 1.2535 (1.2651)	Top 1 Accuracy 86.511 (86.484)	Top 5 Accuracy 92.219 (92.088)
Train Batch: [1400/6468]	Loss 1.2445 (1.2647)	Top 1 Accuracy 86.320 (86.491)	Top 5 Accuracy 92.474 (92.092)
Train Batch: [1500/6468]	Loss 1.3001 (1.2642)	Top 1 Accuracy 85.714 (86.496)	Top 5 Accuracy 91.677 (92.100)
Train Batch: [1600/6468]	Loss 1.2029 (1.2636)	Top 1 Accuracy 87.564 (86.503)	Top 5 Accuracy 92.761 (92.108)
Train Batch: [1700/6468]	Loss 1.2088 (1.2631)	Top 1 Accuracy 87.659 (86.507)	Top 5 Accuracy 93.017 (92.114)
Train Batch: [1800/6468]	Loss 1.2431 (1.2624)	Top 1 Accuracy 87.277 (86.514)	Top 5 Accuracy 92.730 (92.125)
Train Batch: [1900/6468]	Loss 1.1867 (1.2617)	Top 1 Accuracy 87.819 (86.524)	Top 5 Accuracy 93.463 (92.131)
Train Batch: [2000/6468]	Loss 1.1591 (1.2611)	Top 1 Accuracy 87.915 (86.531)	Top 5 Accuracy 93.335 (92.139)
Train Batch: [2100/6468]	Loss 1.2025 (1.2605)	Top 1 Accuracy 86.830 (86.537)	Top 5 Accuracy 93.112 (92.146)
Train Batch: [2200/6468]	Loss 1.2299 (1.2598)	Top 1 Accuracy 87.341 (86.545)	Top 5 Accuracy 92.347 (92.156)
Train Batch: [2300/6468]	Loss 1.1744 (1.2594)	Top 1 Accuracy 87.628 (86.548)	Top 5 Accuracy 93.463 (92.162)
Train Batch: [2400/6468]	Loss 1.1835 (1.2589)	Top 1 Accuracy 87.245 (86.554)	Top 5 Accuracy 93.463 (92.169)
Train Batch: [2500/6468]	Loss 1.2838 (1.2583)	Top 1 Accuracy 86.543 (86.558)	Top 5 Accuracy 90.976 (92.177)
Train Batch: [2600/6468]	Loss 1.3335 (1.2579)	Top 1 Accuracy 85.268 (86.562)	Top 5 Accuracy 91.103 (92.183)
Train Batch: [2700/6468]	Loss 1.2813 (1.2575)	Top 1 Accuracy 86.448 (86.570)	Top 5 Accuracy 92.028 (92.187)
Train Batch: [2800/6468]	Loss 1.2080 (1.2569)	Top 1 Accuracy 86.798 (86.577)	Top 5 Accuracy 93.017 (92.196)
Train Batch: [2900/6468]	Loss 1.2194 (1.2563)	Top 1 Accuracy 86.958 (86.583)	Top 5 Accuracy 92.761 (92.202)
Train Batch: [3000/6468]	Loss 1.2493 (1.2557)	Top 1 Accuracy 86.894 (86.592)	Top 5 Accuracy 92.156 (92.211)
Train Batch: [3100/6468]	Loss 1.2656 (1.2553)	Top 1 Accuracy 86.352 (86.596)	Top 5 Accuracy 91.837 (92.215)
Train Batch: [3200/6468]	Loss 1.2181 (1.2546)	Top 1 Accuracy 87.149 (86.607)	Top 5 Accuracy 92.793 (92.226)
Train Batch: [3300/6468]	Loss 1.1979 (1.2541)	Top 1 Accuracy 87.149 (86.612)	Top 5 Accuracy 93.176 (92.233)
Train Batch: [3400/6468]	Loss 1.2659 (1.2538)	Top 1 Accuracy 86.639 (86.614)	Top 5 Accuracy 91.837 (92.236)
Train Batch: [3500/6468]	Loss 1.1982 (1.2532)	Top 1 Accuracy 86.798 (86.619)	Top 5 Accuracy 92.889 (92.243)
Train Batch: [3600/6468]	Loss 1.1993 (1.2527)	Top 1 Accuracy 87.596 (86.625)	Top 5 Accuracy 92.793 (92.249)
Train Batch: [3700/6468]	Loss 1.2073 (1.2522)	Top 1 Accuracy 86.862 (86.631)	Top 5 Accuracy 93.048 (92.256)
Train Batch: [3800/6468]	Loss 1.2173 (1.2517)	Top 1 Accuracy 87.149 (86.638)	Top 5 Accuracy 92.634 (92.263)
Train Batch: [3900/6468]	Loss 1.2379 (1.2514)	Top 1 Accuracy 86.703 (86.640)	Top 5 Accuracy 92.443 (92.267)
Train Batch: [4000/6468]	Loss 1.2303 (1.2509)	Top 1 Accuracy 87.022 (86.645)	Top 5 Accuracy 92.251 (92.273)
Train Batch: [4100/6468]	Loss 1.2924 (1.2504)	Top 1 Accuracy 86.352 (86.651)	Top 5 Accuracy 91.582 (92.280)
Train Batch: [4200/6468]	Loss 1.2651 (1.2500)	Top 1 Accuracy 86.384 (86.655)	Top 5 Accuracy 92.443 (92.286)
Train Batch: [4300/6468]	Loss 1.2003 (1.2497)	Top 1 Accuracy 87.309 (86.659)	Top 5 Accuracy 92.953 (92.290)
Train Batch: [4400/6468]	Loss 1.2119 (1.2494)	Top 1 Accuracy 86.384 (86.662)	Top 5 Accuracy 92.602 (92.294)
Train Batch: [4500/6468]	Loss 1.2308 (1.2491)	Top 1 Accuracy 86.671 (86.665)	Top 5 Accuracy 92.283 (92.298)
Train Batch: [4600/6468]	Loss 1.2056 (1.2486)	Top 1 Accuracy 86.575 (86.671)	Top 5 Accuracy 92.793 (92.304)
Train Batch: [4700/6468]	Loss 1.1924 (1.2482)	Top 1 Accuracy 87.117 (86.675)	Top 5 Accuracy 93.304 (92.310)
Train Batch: [4800/6468]	Loss 1.2387 (1.2476)	Top 1 Accuracy 86.511 (86.683)	Top 5 Accuracy 92.570 (92.317)
Train Batch: [4900/6468]	Loss 1.2264 (1.2473)	Top 1 Accuracy 87.500 (86.683)	Top 5 Accuracy 92.634 (92.320)
Train Batch: [5000/6468]	Loss 1.2153 (1.2469)	Top 1 Accuracy 86.639 (86.688)	Top 5 Accuracy 92.698 (92.326)
Train Batch: [5100/6468]	Loss 1.2617 (1.2463)	Top 1 Accuracy 86.448 (86.694)	Top 5 Accuracy 92.474 (92.334)
Train Batch: [5200/6468]	Loss 1.2451 (1.2459)	Top 1 Accuracy 86.798 (86.700)	Top 5 Accuracy 92.251 (92.340)
Train Batch: [5300/6468]	Loss 1.2108 (1.2455)	Top 1 Accuracy 86.798 (86.704)	Top 5 Accuracy 92.889 (92.346)
Train Batch: [5400/6468]	Loss 1.2256 (1.2451)	Top 1 Accuracy 87.245 (86.709)	Top 5 Accuracy 92.251 (92.352)
Train Batch: [5500/6468]	Loss 1.2178 (1.2446)	Top 1 Accuracy 87.149 (86.713)	Top 5 Accuracy 92.921 (92.357)
Train Batch: [5600/6468]	Loss 1.2201 (1.2443)	Top 1 Accuracy 86.830 (86.716)	Top 5 Accuracy 92.124 (92.361)
Train Batch: [5700/6468]	Loss 1.1792 (1.2440)	Top 1 Accuracy 88.170 (86.719)	Top 5 Accuracy 93.048 (92.365)
Train Batch: [5800/6468]	Loss 1.2197 (1.2436)	Top 1 Accuracy 87.022 (86.723)	Top 5 Accuracy 92.506 (92.370)
Train Batch: [5900/6468]	Loss 1.2353 (1.2432)	Top 1 Accuracy 86.926 (86.727)	Top 5 Accuracy 92.570 (92.375)
Train Batch: [6000/6468]	Loss 1.1528 (1.2429)	Top 1 Accuracy 87.659 (86.730)	Top 5 Accuracy 93.399 (92.380)
Train Batch: [6100/6468]	Loss 1.1661 (1.2424)	Top 1 Accuracy 87.946 (86.735)	Top 5 Accuracy 93.591 (92.386)
Train Batch: [6200/6468]	Loss 1.2859 (1.2420)	Top 1 Accuracy 85.395 (86.739)	Top 5 Accuracy 92.060 (92.391)
Train Batch: [6300/6468]	Loss 1.2180 (1.2418)	Top 1 Accuracy 86.990 (86.742)	Top 5 Accuracy 93.208 (92.395)
Train Batch: [6400/6468]	Loss 1.1591 (1.2415)	Top 1 Accuracy 88.202 (86.745)	Top 5 Accuracy 93.654 (92.398)
Validation Batch: [0/391]	Loss 2.3527 (2.3527)	Top 1 Accuracy 79.751 (79.751)	Top 5 Accuracy 83.578 (83.578)
Validation Batch: [100/391]	Loss 2.4080 (2.4952)	Top 1 Accuracy 79.783 (79.021)	Top 5 Accuracy 82.972 (82.947)
Validation Batch: [200/391]	Loss 2.4615 (2.4800)	Top 1 Accuracy 79.464 (79.091)	Top 5 Accuracy 83.450 (82.964)
Validation Batch: [300/391]	Loss 2.4578 (2.4821)	Top 1 Accuracy 78.667 (79.067)	Top 5 Accuracy 82.526 (82.920)
Validation Epoch: 2	BLEU-1 (0.699770711064057)	BLEU-2 (0.49199738526389597)	BLEU-3 (0.34131962867764853)	BLEU-4 (0.23076688399386175)	
Saved model to model/model_2.pth
Train Batch: [0/6468]	Loss 1.1983 (1.1983)	Top 1 Accuracy 87.117 (87.117)	Top 5 Accuracy 92.889 (92.889)
Train Batch: [100/6468]	Loss 1.1785 (1.2093)	Top 1 Accuracy 87.022 (87.048)	Top 5 Accuracy 93.463 (92.721)
Train Batch: [200/6468]	Loss 1.2182 (1.2089)	Top 1 Accuracy 87.404 (87.061)	Top 5 Accuracy 92.443 (92.759)
Train Batch: [300/6468]	Loss 1.2257 (1.2091)	Top 1 Accuracy 86.607 (87.076)	Top 5 Accuracy 92.666 (92.773)
Train Batch: [400/6468]	Loss 1.2007 (1.2087)	Top 1 Accuracy 87.468 (87.078)	Top 5 Accuracy 93.017 (92.784)
Train Batch: [500/6468]	Loss 1.1969 (1.2091)	Top 1 Accuracy 86.830 (87.077)	Top 5 Accuracy 92.825 (92.780)
Train Batch: [600/6468]	Loss 1.2294 (1.2091)	Top 1 Accuracy 86.607 (87.079)	Top 5 Accuracy 92.411 (92.782)
Train Batch: [700/6468]	Loss 1.1466 (1.2100)	Top 1 Accuracy 88.648 (87.063)	Top 5 Accuracy 93.559 (92.773)
Train Batch: [800/6468]	Loss 1.2906 (1.2095)	Top 1 Accuracy 86.065 (87.066)	Top 5 Accuracy 91.741 (92.780)
Train Batch: [900/6468]	Loss 1.2540 (1.2094)	Top 1 Accuracy 86.671 (87.070)	Top 5 Accuracy 92.443 (92.777)
Train Batch: [1000/6468]	Loss 1.1635 (1.2095)	Top 1 Accuracy 87.436 (87.069)	Top 5 Accuracy 93.335 (92.779)
Train Batch: [1100/6468]	Loss 1.1574 (1.2089)	Top 1 Accuracy 88.138 (87.079)	Top 5 Accuracy 93.367 (92.785)
Train Batch: [1200/6468]	Loss 1.1581 (1.2087)	Top 1 Accuracy 87.851 (87.080)	Top 5 Accuracy 93.559 (92.790)
Train Batch: [1300/6468]	Loss 1.2164 (1.2083)	Top 1 Accuracy 87.245 (87.087)	Top 5 Accuracy 92.761 (92.797)
Train Batch: [1400/6468]	Loss 1.1520 (1.2079)	Top 1 Accuracy 88.106 (87.090)	Top 5 Accuracy 93.622 (92.802)
Train Batch: [1500/6468]	Loss 1.2086 (1.2076)	Top 1 Accuracy 87.309 (87.095)	Top 5 Accuracy 92.730 (92.806)
Train Batch: [1600/6468]	Loss 1.1599 (1.2071)	Top 1 Accuracy 87.659 (87.098)	Top 5 Accuracy 93.463 (92.812)
Train Batch: [1700/6468]	Loss 1.2085 (1.2069)	Top 1 Accuracy 87.245 (87.099)	Top 5 Accuracy 93.017 (92.815)
Train Batch: [1800/6468]	Loss 1.1993 (1.2066)	Top 1 Accuracy 86.990 (87.102)	Top 5 Accuracy 92.857 (92.821)
Train Batch: [1900/6468]	Loss 1.1679 (1.2069)	Top 1 Accuracy 87.755 (87.097)	Top 5 Accuracy 93.495 (92.819)
Train Batch: [2000/6468]	Loss 1.2074 (1.2067)	Top 1 Accuracy 87.564 (87.100)	Top 5 Accuracy 93.080 (92.821)
Train Batch: [2100/6468]	Loss 1.2500 (1.2065)	Top 1 Accuracy 86.352 (87.107)	Top 5 Accuracy 92.251 (92.826)
Train Batch: [2200/6468]	Loss 1.1915 (1.2062)	Top 1 Accuracy 87.181 (87.108)	Top 5 Accuracy 93.144 (92.829)
Train Batch: [2300/6468]	Loss 1.1426 (1.2060)	Top 1 Accuracy 87.915 (87.113)	Top 5 Accuracy 94.069 (92.832)
Train Batch: [2400/6468]	Loss 1.1219 (1.2059)	Top 1 Accuracy 88.233 (87.114)	Top 5 Accuracy 93.878 (92.835)
Train Batch: [2500/6468]	Loss 1.1806 (1.2057)	Top 1 Accuracy 87.468 (87.116)	Top 5 Accuracy 92.953 (92.839)
Train Batch: [2600/6468]	Loss 1.2330 (1.2055)	Top 1 Accuracy 86.161 (87.119)	Top 5 Accuracy 92.028 (92.840)
Train Batch: [2700/6468]	Loss 1.1079 (1.2056)	Top 1 Accuracy 88.106 (87.114)	Top 5 Accuracy 94.165 (92.840)
Train Batch: [2800/6468]	Loss 1.2593 (1.2059)	Top 1 Accuracy 86.352 (87.111)	Top 5 Accuracy 91.614 (92.837)
Train Batch: [2900/6468]	Loss 1.1856 (1.2057)	Top 1 Accuracy 87.309 (87.112)	Top 5 Accuracy 93.048 (92.839)
Train Batch: [3000/6468]	Loss 1.1970 (1.2056)	Top 1 Accuracy 86.767 (87.115)	Top 5 Accuracy 93.048 (92.839)
Train Batch: [3100/6468]	Loss 1.1632 (1.2056)	Top 1 Accuracy 87.659 (87.114)	Top 5 Accuracy 93.431 (92.839)
Train Batch: [3200/6468]	Loss 1.2406 (1.2055)	Top 1 Accuracy 86.320 (87.115)	Top 5 Accuracy 92.219 (92.841)
Train Batch: [3300/6468]	Loss 1.2077 (1.2052)	Top 1 Accuracy 87.149 (87.119)	Top 5 Accuracy 92.634 (92.844)
Train Batch: [3400/6468]	Loss 1.1900 (1.2050)	Top 1 Accuracy 87.245 (87.119)	Top 5 Accuracy 92.889 (92.847)
Train Batch: [3500/6468]	Loss 1.2351 (1.2049)	Top 1 Accuracy 85.842 (87.120)	Top 5 Accuracy 92.188 (92.848)
Train Batch: [3600/6468]	Loss 1.1159 (1.2046)	Top 1 Accuracy 88.744 (87.124)	Top 5 Accuracy 94.515 (92.851)
Train Batch: [3700/6468]	Loss 1.1988 (1.2043)	Top 1 Accuracy 87.787 (87.128)	Top 5 Accuracy 92.953 (92.856)
Train Batch: [3800/6468]	Loss 1.2572 (1.2042)	Top 1 Accuracy 85.874 (87.129)	Top 5 Accuracy 92.219 (92.857)
Train Batch: [3900/6468]	Loss 1.2121 (1.2041)	Top 1 Accuracy 87.659 (87.130)	Top 5 Accuracy 92.889 (92.860)
Train Batch: [4000/6468]	Loss 1.1874 (1.2039)	Top 1 Accuracy 87.596 (87.134)	Top 5 Accuracy 93.272 (92.863)
Train Batch: [4100/6468]	Loss 1.1698 (1.2036)	Top 1 Accuracy 88.202 (87.137)	Top 5 Accuracy 93.048 (92.866)
Train Batch: [4200/6468]	Loss 1.2253 (1.2036)	Top 1 Accuracy 86.894 (87.136)	Top 5 Accuracy 92.474 (92.866)
Train Batch: [4300/6468]	Loss 1.1330 (1.2033)	Top 1 Accuracy 88.106 (87.140)	Top 5 Accuracy 93.559 (92.869)
Train Batch: [4400/6468]	Loss 1.1942 (1.2031)	Top 1 Accuracy 86.958 (87.142)	Top 5 Accuracy 93.048 (92.872)
Train Batch: [4500/6468]	Loss 1.1726 (1.2029)	Top 1 Accuracy 87.532 (87.145)	Top 5 Accuracy 93.367 (92.873)
Train Batch: [4600/6468]	Loss 1.1858 (1.2027)	Top 1 Accuracy 87.245 (87.147)	Top 5 Accuracy 93.144 (92.875)
Train Batch: [4700/6468]	Loss 1.1542 (1.2024)	Top 1 Accuracy 87.628 (87.152)	Top 5 Accuracy 93.686 (92.880)
Train Batch: [4800/6468]	Loss 1.2020 (1.2022)	Top 1 Accuracy 86.894 (87.155)	Top 5 Accuracy 93.048 (92.883)
Train Batch: [4900/6468]	Loss 1.2536 (1.2020)	Top 1 Accuracy 85.906 (87.156)	Top 5 Accuracy 91.996 (92.884)
Train Batch: [5000/6468]	Loss 1.1734 (1.2018)	Top 1 Accuracy 87.404 (87.159)	Top 5 Accuracy 93.399 (92.887)
Train Batch: [5100/6468]	Loss 1.2714 (1.2017)	Top 1 Accuracy 86.001 (87.161)	Top 5 Accuracy 92.028 (92.888)
Train Batch: [5200/6468]	Loss 1.1589 (1.2015)	Top 1 Accuracy 87.723 (87.163)	Top 5 Accuracy 93.240 (92.891)
Train Batch: [5300/6468]	Loss 1.1258 (1.2015)	Top 1 Accuracy 88.489 (87.164)	Top 5 Accuracy 93.686 (92.891)
Train Batch: [5400/6468]	Loss 1.1198 (1.2013)	Top 1 Accuracy 88.393 (87.166)	Top 5 Accuracy 93.878 (92.894)
Train Batch: [5500/6468]	Loss 1.2227 (1.2011)	Top 1 Accuracy 86.862 (87.169)	Top 5 Accuracy 92.411 (92.897)
Train Batch: [5600/6468]	Loss 1.1741 (1.2009)	Top 1 Accuracy 87.755 (87.171)	Top 5 Accuracy 93.463 (92.900)
Train Batch: [5700/6468]	Loss 1.1672 (1.2007)	Top 1 Accuracy 86.990 (87.173)	Top 5 Accuracy 93.399 (92.903)
Train Batch: [5800/6468]	Loss 1.1741 (1.2004)	Top 1 Accuracy 87.245 (87.177)	Top 5 Accuracy 93.304 (92.907)
Train Batch: [5900/6468]	Loss 1.2098 (1.2002)	Top 1 Accuracy 87.117 (87.180)	Top 5 Accuracy 92.953 (92.910)
Train Batch: [6000/6468]	Loss 1.2042 (1.1999)	Top 1 Accuracy 86.958 (87.183)	Top 5 Accuracy 92.730 (92.914)
Train Batch: [6100/6468]	Loss 1.1525 (1.1998)	Top 1 Accuracy 87.500 (87.184)	Top 5 Accuracy 93.367 (92.917)
Train Batch: [6200/6468]	Loss 1.2168 (1.1997)	Top 1 Accuracy 87.883 (87.185)	Top 5 Accuracy 92.825 (92.918)
Train Batch: [6300/6468]	Loss 1.2344 (1.1994)	Top 1 Accuracy 86.767 (87.188)	Top 5 Accuracy 92.188 (92.921)
Train Batch: [6400/6468]	Loss 1.2176 (1.1993)	Top 1 Accuracy 86.735 (87.189)	Top 5 Accuracy 92.666 (92.924)
Validation Batch: [0/391]	Loss 2.6317 (2.6317)	Top 1 Accuracy 79.369 (79.369)	Top 5 Accuracy 82.207 (82.207)
Validation Batch: [100/391]	Loss 2.9572 (2.6186)	Top 1 Accuracy 77.392 (79.179)	Top 5 Accuracy 81.059 (82.969)
Validation Batch: [200/391]	Loss 2.6812 (2.6343)	Top 1 Accuracy 78.571 (79.078)	Top 5 Accuracy 83.036 (82.873)
Validation Batch: [300/391]	Loss 2.3815 (2.6368)	Top 1 Accuracy 80.804 (79.059)	Top 5 Accuracy 84.247 (82.860)
Validation Epoch: 3	BLEU-1 (0.7127945236564427)	BLEU-2 (0.5047299909824056)	BLEU-3 (0.35370876536368123)	BLEU-4 (0.24233988950546018)	
Saved model to model/model_3.pth
Train Batch: [0/6468]	Loss 1.1470 (1.1470)	Top 1 Accuracy 87.946 (87.946)	Top 5 Accuracy 93.208 (93.208)
Train Batch: [100/6468]	Loss 1.1684 (1.1872)	Top 1 Accuracy 87.946 (87.241)	Top 5 Accuracy 93.048 (93.098)
Train Batch: [200/6468]	Loss 1.1825 (1.1824)	Top 1 Accuracy 87.500 (87.338)	Top 5 Accuracy 93.463 (93.160)
Train Batch: [300/6468]	Loss 1.0712 (1.1832)	Top 1 Accuracy 88.999 (87.322)	Top 5 Accuracy 94.802 (93.149)
Train Batch: [400/6468]	Loss 1.1705 (1.1823)	Top 1 Accuracy 87.436 (87.333)	Top 5 Accuracy 93.463 (93.156)
Train Batch: [500/6468]	Loss 1.1396 (1.1828)	Top 1 Accuracy 87.628 (87.326)	Top 5 Accuracy 93.973 (93.139)
Train Batch: [600/6468]	Loss 1.1653 (1.1827)	Top 1 Accuracy 87.277 (87.336)	Top 5 Accuracy 93.112 (93.136)
Train Batch: [700/6468]	Loss 1.1433 (1.1818)	Top 1 Accuracy 88.202 (87.351)	Top 5 Accuracy 94.260 (93.152)
Train Batch: [800/6468]	Loss 1.1631 (1.1815)	Top 1 Accuracy 87.659 (87.358)	Top 5 Accuracy 93.463 (93.151)
Train Batch: [900/6468]	Loss 1.1566 (1.1810)	Top 1 Accuracy 87.691 (87.360)	Top 5 Accuracy 93.527 (93.157)
Train Batch: [1000/6468]	Loss 1.1547 (1.1813)	Top 1 Accuracy 88.170 (87.353)	Top 5 Accuracy 93.654 (93.150)
Train Batch: [1100/6468]	Loss 1.2719 (1.1803)	Top 1 Accuracy 85.459 (87.364)	Top 5 Accuracy 92.474 (93.162)
Train Batch: [1200/6468]	Loss 1.1629 (1.1796)	Top 1 Accuracy 87.628 (87.372)	Top 5 Accuracy 93.080 (93.168)
Train Batch: [1300/6468]	Loss 1.1411 (1.1790)	Top 1 Accuracy 88.202 (87.383)	Top 5 Accuracy 93.654 (93.173)
Train Batch: [1400/6468]	Loss 1.1712 (1.1790)	Top 1 Accuracy 86.894 (87.384)	Top 5 Accuracy 93.431 (93.173)
Train Batch: [1500/6468]	Loss 1.1517 (1.1788)	Top 1 Accuracy 87.659 (87.386)	Top 5 Accuracy 93.335 (93.176)
Train Batch: [1600/6468]	Loss 1.1730 (1.1788)	Top 1 Accuracy 87.851 (87.385)	Top 5 Accuracy 93.240 (93.177)
Train Batch: [1700/6468]	Loss 1.1659 (1.1788)	Top 1 Accuracy 87.500 (87.385)	Top 5 Accuracy 93.495 (93.178)
Train Batch: [1800/6468]	Loss 1.1350 (1.1787)	Top 1 Accuracy 88.138 (87.386)	Top 5 Accuracy 93.718 (93.180)
Train Batch: [1900/6468]	Loss 1.1436 (1.1785)	Top 1 Accuracy 88.297 (87.390)	Top 5 Accuracy 93.463 (93.182)
Train Batch: [2000/6468]	Loss 1.2730 (1.1787)	Top 1 Accuracy 85.746 (87.386)	Top 5 Accuracy 91.901 (93.178)
Train Batch: [2100/6468]	Loss 1.2277 (1.1789)	Top 1 Accuracy 86.894 (87.384)	Top 5 Accuracy 92.283 (93.177)
Train Batch: [2200/6468]	Loss 1.1879 (1.1788)	Top 1 Accuracy 87.085 (87.383)	Top 5 Accuracy 93.399 (93.179)
Train Batch: [2300/6468]	Loss 1.1445 (1.1786)	Top 1 Accuracy 87.819 (87.387)	Top 5 Accuracy 93.559 (93.182)
Train Batch: [2400/6468]	Loss 1.1457 (1.1789)	Top 1 Accuracy 87.755 (87.383)	Top 5 Accuracy 93.591 (93.180)
Train Batch: [2500/6468]	Loss 1.1950 (1.1788)	Top 1 Accuracy 86.926 (87.386)	Top 5 Accuracy 92.953 (93.181)
Train Batch: [2600/6468]	Loss 1.1756 (1.1787)	Top 1 Accuracy 87.309 (87.388)	Top 5 Accuracy 92.921 (93.183)
Train Batch: [2700/6468]	Loss 1.1286 (1.1786)	Top 1 Accuracy 88.042 (87.389)	Top 5 Accuracy 93.814 (93.183)
Train Batch: [2800/6468]	Loss 1.1706 (1.1786)	Top 1 Accuracy 87.787 (87.389)	Top 5 Accuracy 93.240 (93.184)
Train Batch: [2900/6468]	Loss 1.1580 (1.1784)	Top 1 Accuracy 87.372 (87.393)	Top 5 Accuracy 93.654 (93.189)
Train Batch: [3000/6468]	Loss 1.1748 (1.1781)	Top 1 Accuracy 87.149 (87.397)	Top 5 Accuracy 93.048 (93.191)
Train Batch: [3100/6468]	Loss 1.1546 (1.1780)	Top 1 Accuracy 87.851 (87.401)	Top 5 Accuracy 93.112 (93.191)
Train Batch: [3200/6468]	Loss 1.1648 (1.1779)	Top 1 Accuracy 87.691 (87.402)	Top 5 Accuracy 93.654 (93.193)
Train Batch: [3300/6468]	Loss 1.1740 (1.1779)	Top 1 Accuracy 87.181 (87.404)	Top 5 Accuracy 93.272 (93.194)
Train Batch: [3400/6468]	Loss 1.1370 (1.1778)	Top 1 Accuracy 87.755 (87.403)	Top 5 Accuracy 93.559 (93.196)
Train Batch: [3500/6468]	Loss 1.1968 (1.1778)	Top 1 Accuracy 87.213 (87.403)	Top 5 Accuracy 92.889 (93.195)
Train Batch: [3600/6468]	Loss 1.1526 (1.1776)	Top 1 Accuracy 87.596 (87.405)	Top 5 Accuracy 93.208 (93.199)
Train Batch: [3700/6468]	Loss 1.1592 (1.1775)	Top 1 Accuracy 87.596 (87.408)	Top 5 Accuracy 93.112 (93.201)
Train Batch: [3800/6468]	Loss 1.2280 (1.1773)	Top 1 Accuracy 86.671 (87.409)	Top 5 Accuracy 92.506 (93.203)
Train Batch: [3900/6468]	Loss 1.1630 (1.1770)	Top 1 Accuracy 87.532 (87.415)	Top 5 Accuracy 93.559 (93.208)
Train Batch: [4000/6468]	Loss 1.1047 (1.1771)	Top 1 Accuracy 88.776 (87.415)	Top 5 Accuracy 94.196 (93.208)
Train Batch: [4100/6468]	Loss 1.1627 (1.1771)	Top 1 Accuracy 87.309 (87.415)	Top 5 Accuracy 93.080 (93.207)
Train Batch: [4200/6468]	Loss 1.2536 (1.1770)	Top 1 Accuracy 86.288 (87.417)	Top 5 Accuracy 92.538 (93.209)
Train Batch: [4300/6468]	Loss 1.1990 (1.1771)	Top 1 Accuracy 86.862 (87.414)	Top 5 Accuracy 93.112 (93.207)
Train Batch: [4400/6468]	Loss 1.1878 (1.1769)	Top 1 Accuracy 86.990 (87.417)	Top 5 Accuracy 93.399 (93.210)
Train Batch: [4500/6468]	Loss 1.1445 (1.1769)	Top 1 Accuracy 87.978 (87.417)	Top 5 Accuracy 93.846 (93.210)
Train Batch: [4600/6468]	Loss 1.1675 (1.1768)	Top 1 Accuracy 87.659 (87.418)	Top 5 Accuracy 93.112 (93.211)
Train Batch: [4700/6468]	Loss 1.1634 (1.1767)	Top 1 Accuracy 87.468 (87.420)	Top 5 Accuracy 93.367 (93.213)
Train Batch: [4800/6468]	Loss 1.1924 (1.1766)	Top 1 Accuracy 86.862 (87.421)	Top 5 Accuracy 92.889 (93.213)
Train Batch: [4900/6468]	Loss 1.2179 (1.1766)	Top 1 Accuracy 86.958 (87.422)	Top 5 Accuracy 92.985 (93.214)
Train Batch: [5000/6468]	Loss 1.1592 (1.1766)	Top 1 Accuracy 88.106 (87.422)	Top 5 Accuracy 93.399 (93.215)
Train Batch: [5100/6468]	Loss 1.1844 (1.1765)	Top 1 Accuracy 87.372 (87.424)	Top 5 Accuracy 92.985 (93.216)
Train Batch: [5200/6468]	Loss 1.1294 (1.1764)	Top 1 Accuracy 88.712 (87.426)	Top 5 Accuracy 93.495 (93.217)
Train Batch: [5300/6468]	Loss 1.1483 (1.1763)	Top 1 Accuracy 88.552 (87.427)	Top 5 Accuracy 93.559 (93.218)
Train Batch: [5400/6468]	Loss 1.1836 (1.1762)	Top 1 Accuracy 87.149 (87.430)	Top 5 Accuracy 93.272 (93.220)
Train Batch: [5500/6468]	Loss 1.2471 (1.1761)	Top 1 Accuracy 86.161 (87.431)	Top 5 Accuracy 92.538 (93.221)
Train Batch: [5600/6468]	Loss 1.1175 (1.1761)	Top 1 Accuracy 88.297 (87.431)	Top 5 Accuracy 94.005 (93.221)
Train Batch: [5700/6468]	Loss 1.1485 (1.1759)	Top 1 Accuracy 88.265 (87.435)	Top 5 Accuracy 93.527 (93.225)
Train Batch: [5800/6468]	Loss 1.1634 (1.1758)	Top 1 Accuracy 87.851 (87.435)	Top 5 Accuracy 93.622 (93.227)
Train Batch: [5900/6468]	Loss 1.1784 (1.1757)	Top 1 Accuracy 87.819 (87.437)	Top 5 Accuracy 93.622 (93.229)
Train Batch: [6000/6468]	Loss 1.1849 (1.1756)	Top 1 Accuracy 87.341 (87.438)	Top 5 Accuracy 92.953 (93.229)
Train Batch: [6100/6468]	Loss 1.1310 (1.1755)	Top 1 Accuracy 87.564 (87.440)	Top 5 Accuracy 93.909 (93.230)
Train Batch: [6200/6468]	Loss 1.1556 (1.1755)	Top 1 Accuracy 87.723 (87.439)	Top 5 Accuracy 93.304 (93.230)
Train Batch: [6300/6468]	Loss 1.1007 (1.1754)	Top 1 Accuracy 88.712 (87.441)	Top 5 Accuracy 94.420 (93.232)
Train Batch: [6400/6468]	Loss 1.1849 (1.1752)	Top 1 Accuracy 87.341 (87.444)	Top 5 Accuracy 93.048 (93.234)
Validation Batch: [0/391]	Loss 2.7588 (2.7588)	Top 1 Accuracy 78.858 (78.858)	Top 5 Accuracy 82.494 (82.494)
Validation Batch: [100/391]	Loss 2.4456 (2.8124)	Top 1 Accuracy 80.548 (78.883)	Top 5 Accuracy 83.960 (82.680)
Validation Batch: [200/391]	Loss 2.8157 (2.7984)	Top 1 Accuracy 79.305 (78.927)	Top 5 Accuracy 83.418 (82.694)
Validation Batch: [300/391]	Loss 2.8548 (2.7985)	Top 1 Accuracy 78.476 (78.920)	Top 5 Accuracy 82.430 (82.701)
Validation Epoch: 4	BLEU-1 (0.7053233710335576)	BLEU-2 (0.5018862591980364)	BLEU-3 (0.3543200057798386)	BLEU-4 (0.24550675242295877)	
Saved model to model/model_4.pth
Train Batch: [0/6468]	Loss 1.1700 (1.1700)	Top 1 Accuracy 87.851 (87.851)	Top 5 Accuracy 92.538 (92.538)
Train Batch: [100/6468]	Loss 1.1324 (1.1640)	Top 1 Accuracy 87.851 (87.492)	Top 5 Accuracy 94.228 (93.365)
Train Batch: [200/6468]	Loss 1.1587 (1.1675)	Top 1 Accuracy 88.074 (87.462)	Top 5 Accuracy 93.176 (93.329)
Train Batch: [300/6468]	Loss 1.2041 (1.1663)	Top 1 Accuracy 86.926 (87.487)	Top 5 Accuracy 92.506 (93.342)
Train Batch: [400/6468]	Loss 1.1905 (1.1650)	Top 1 Accuracy 87.755 (87.510)	Top 5 Accuracy 92.985 (93.355)
Train Batch: [500/6468]	Loss 1.2069 (1.1640)	Top 1 Accuracy 87.149 (87.537)	Top 5 Accuracy 92.666 (93.364)
Train Batch: [600/6468]	Loss 1.1700 (1.1634)	Top 1 Accuracy 86.990 (87.553)	Top 5 Accuracy 93.367 (93.372)
Train Batch: [700/6468]	Loss 1.1712 (1.1637)	Top 1 Accuracy 87.596 (87.549)	Top 5 Accuracy 93.686 (93.370)
Train Batch: [800/6468]	Loss 1.1405 (1.1639)	Top 1 Accuracy 87.659 (87.549)	Top 5 Accuracy 93.750 (93.370)
Train Batch: [900/6468]	Loss 1.1461 (1.1641)	Top 1 Accuracy 87.915 (87.549)	Top 5 Accuracy 93.686 (93.370)
Train Batch: [1000/6468]	Loss 1.1343 (1.1640)	Top 1 Accuracy 88.010 (87.549)	Top 5 Accuracy 93.782 (93.368)
Train Batch: [1100/6468]	Loss 1.1097 (1.1636)	Top 1 Accuracy 88.425 (87.558)	Top 5 Accuracy 94.133 (93.375)
Train Batch: [1200/6468]	Loss 1.1914 (1.1631)	Top 1 Accuracy 86.830 (87.564)	Top 5 Accuracy 92.825 (93.382)
Train Batch: [1300/6468]	Loss 1.1520 (1.1627)	Top 1 Accuracy 87.372 (87.572)	Top 5 Accuracy 93.527 (93.388)
Train Batch: [1400/6468]	Loss 1.1055 (1.1625)	Top 1 Accuracy 88.648 (87.574)	Top 5 Accuracy 94.101 (93.388)
Train Batch: [1500/6468]	Loss 1.1653 (1.1623)	Top 1 Accuracy 86.735 (87.579)	Top 5 Accuracy 93.559 (93.391)
Train Batch: [1600/6468]	Loss 1.1545 (1.1623)	Top 1 Accuracy 87.628 (87.578)	Top 5 Accuracy 93.431 (93.390)
Train Batch: [1700/6468]	Loss 1.0897 (1.1621)	Top 1 Accuracy 88.202 (87.581)	Top 5 Accuracy 94.483 (93.393)
Train Batch: [1800/6468]	Loss 1.1954 (1.1619)	Top 1 Accuracy 87.181 (87.584)	Top 5 Accuracy 92.602 (93.394)
Train Batch: [1900/6468]	Loss 1.2400 (1.1617)	Top 1 Accuracy 86.511 (87.585)	Top 5 Accuracy 92.315 (93.397)
Train Batch: [2000/6468]	Loss 1.1753 (1.1615)	Top 1 Accuracy 87.054 (87.591)	Top 5 Accuracy 93.144 (93.400)
Train Batch: [2100/6468]	Loss 1.1607 (1.1616)	Top 1 Accuracy 87.181 (87.589)	Top 5 Accuracy 93.495 (93.399)
Train Batch: [2200/6468]	Loss 1.1801 (1.1614)	Top 1 Accuracy 87.532 (87.591)	Top 5 Accuracy 92.698 (93.402)
Train Batch: [2300/6468]	Loss 1.1330 (1.1615)	Top 1 Accuracy 88.520 (87.589)	Top 5 Accuracy 93.622 (93.400)
Train Batch: [2400/6468]	Loss 1.1688 (1.1616)	Top 1 Accuracy 87.277 (87.589)	Top 5 Accuracy 93.495 (93.399)
Train Batch: [2500/6468]	Loss 1.1555 (1.1615)	Top 1 Accuracy 87.596 (87.592)	Top 5 Accuracy 93.654 (93.399)
Train Batch: [2600/6468]	Loss 1.1583 (1.1613)	Top 1 Accuracy 87.532 (87.595)	Top 5 Accuracy 92.953 (93.401)
Train Batch: [2700/6468]	Loss 1.1136 (1.1612)	Top 1 Accuracy 88.170 (87.596)	Top 5 Accuracy 93.591 (93.403)
Train Batch: [2800/6468]	Loss 1.1342 (1.1612)	Top 1 Accuracy 87.851 (87.595)	Top 5 Accuracy 93.750 (93.402)
Train Batch: [2900/6468]	Loss 1.1581 (1.1613)	Top 1 Accuracy 87.436 (87.592)	Top 5 Accuracy 93.750 (93.403)
Train Batch: [3000/6468]	Loss 1.1948 (1.1611)	Top 1 Accuracy 87.436 (87.595)	Top 5 Accuracy 93.112 (93.405)
Train Batch: [3100/6468]	Loss 1.1402 (1.1610)	Top 1 Accuracy 88.616 (87.595)	Top 5 Accuracy 93.591 (93.407)
Train Batch: [3200/6468]	Loss 1.1450 (1.1608)	Top 1 Accuracy 87.659 (87.597)	Top 5 Accuracy 93.591 (93.409)
Train Batch: [3300/6468]	Loss 1.2218 (1.1607)	Top 1 Accuracy 86.639 (87.599)	Top 5 Accuracy 92.411 (93.411)
Train Batch: [3400/6468]	Loss 1.2218 (1.1606)	Top 1 Accuracy 86.448 (87.600)	Top 5 Accuracy 92.602 (93.413)
Train Batch: [3500/6468]	Loss 1.1458 (1.1605)	Top 1 Accuracy 88.138 (87.603)	Top 5 Accuracy 93.495 (93.414)
Train Batch: [3600/6468]	Loss 1.1590 (1.1604)	Top 1 Accuracy 87.883 (87.605)	Top 5 Accuracy 93.304 (93.415)
Train Batch: [3700/6468]	Loss 1.1654 (1.1603)	Top 1 Accuracy 87.851 (87.606)	Top 5 Accuracy 93.463 (93.416)
Train Batch: [3800/6468]	Loss 1.1998 (1.1600)	Top 1 Accuracy 86.511 (87.609)	Top 5 Accuracy 92.761 (93.420)
Train Batch: [3900/6468]	Loss 1.1606 (1.1599)	Top 1 Accuracy 88.106 (87.611)	Top 5 Accuracy 93.622 (93.422)
Train Batch: [4000/6468]	Loss 1.0986 (1.1598)	Top 1 Accuracy 88.712 (87.612)	Top 5 Accuracy 94.292 (93.423)
Train Batch: [4100/6468]	Loss 1.2017 (1.1598)	Top 1 Accuracy 87.054 (87.613)	Top 5 Accuracy 92.953 (93.423)
Train Batch: [4200/6468]	Loss 1.1963 (1.1597)	Top 1 Accuracy 87.659 (87.616)	Top 5 Accuracy 93.176 (93.426)
Train Batch: [4300/6468]	Loss 1.1216 (1.1597)	Top 1 Accuracy 88.329 (87.616)	Top 5 Accuracy 94.101 (93.426)
Train Batch: [4400/6468]	Loss 1.1306 (1.1596)	Top 1 Accuracy 88.361 (87.615)	Top 5 Accuracy 94.037 (93.427)
Train Batch: [4500/6468]	Loss 1.2065 (1.1595)	Top 1 Accuracy 86.352 (87.616)	Top 5 Accuracy 92.506 (93.427)
Train Batch: [4600/6468]	Loss 1.1741 (1.1596)	Top 1 Accuracy 87.691 (87.616)	Top 5 Accuracy 93.176 (93.427)
Train Batch: [4700/6468]	Loss 1.1756 (1.1595)	Top 1 Accuracy 87.372 (87.616)	Top 5 Accuracy 92.953 (93.427)
Train Batch: [4800/6468]	Loss 1.1215 (1.1594)	Top 1 Accuracy 87.883 (87.617)	Top 5 Accuracy 93.941 (93.429)
Train Batch: [4900/6468]	Loss 1.1694 (1.1594)	Top 1 Accuracy 87.309 (87.617)	Top 5 Accuracy 93.335 (93.429)
Train Batch: [5000/6468]	Loss 1.1678 (1.1593)	Top 1 Accuracy 87.468 (87.617)	Top 5 Accuracy 93.463 (93.430)
Train Batch: [5100/6468]	Loss 1.1185 (1.1593)	Top 1 Accuracy 87.819 (87.616)	Top 5 Accuracy 94.069 (93.430)
Train Batch: [5200/6468]	Loss 1.1606 (1.1592)	Top 1 Accuracy 87.628 (87.617)	Top 5 Accuracy 93.463 (93.432)
Train Batch: [5300/6468]	Loss 1.1711 (1.1591)	Top 1 Accuracy 87.436 (87.618)	Top 5 Accuracy 93.399 (93.433)
Train Batch: [5400/6468]	Loss 1.1681 (1.1590)	Top 1 Accuracy 86.990 (87.620)	Top 5 Accuracy 93.304 (93.435)
Train Batch: [5500/6468]	Loss 1.1320 (1.1590)	Top 1 Accuracy 88.297 (87.620)	Top 5 Accuracy 93.335 (93.435)
Train Batch: [5600/6468]	Loss 1.1790 (1.1590)	Top 1 Accuracy 87.755 (87.620)	Top 5 Accuracy 93.335 (93.435)
Train Batch: [5700/6468]	Loss 1.1146 (1.1589)	Top 1 Accuracy 88.903 (87.621)	Top 5 Accuracy 93.941 (93.437)
Train Batch: [5800/6468]	Loss 1.1805 (1.1588)	Top 1 Accuracy 87.468 (87.622)	Top 5 Accuracy 93.208 (93.438)
Train Batch: [5900/6468]	Loss 1.1722 (1.1588)	Top 1 Accuracy 87.628 (87.622)	Top 5 Accuracy 93.144 (93.438)
Train Batch: [6000/6468]	Loss 1.1531 (1.1588)	Top 1 Accuracy 87.245 (87.623)	Top 5 Accuracy 93.718 (93.438)
Train Batch: [6100/6468]	Loss 1.1368 (1.1587)	Top 1 Accuracy 87.883 (87.624)	Top 5 Accuracy 94.069 (93.439)
Train Batch: [6200/6468]	Loss 1.1649 (1.1587)	Top 1 Accuracy 88.425 (87.624)	Top 5 Accuracy 93.176 (93.440)
Train Batch: [6300/6468]	Loss 1.0927 (1.1585)	Top 1 Accuracy 89.094 (87.625)	Top 5 Accuracy 94.324 (93.442)
Train Batch: [6400/6468]	Loss 1.1343 (1.1585)	Top 1 Accuracy 87.883 (87.627)	Top 5 Accuracy 93.559 (93.443)
Validation Batch: [0/391]	Loss 2.6511 (2.6511)	Top 1 Accuracy 80.325 (80.325)	Top 5 Accuracy 83.992 (83.992)
Validation Batch: [100/391]	Loss 2.8879 (2.9170)	Top 1 Accuracy 79.592 (78.915)	Top 5 Accuracy 83.386 (82.644)
Validation Batch: [200/391]	Loss 2.9335 (2.9222)	Top 1 Accuracy 79.656 (78.896)	Top 5 Accuracy 83.705 (82.628)
Validation Batch: [300/391]	Loss 2.8169 (2.9253)	Top 1 Accuracy 78.890 (78.894)	Top 5 Accuracy 82.653 (82.638)
Validation Epoch: 5	BLEU-1 (0.708841917237273)	BLEU-2 (0.5068974408129678)	BLEU-3 (0.35899625320327583)	BLEU-4 (0.2482357075671021)	
Saved model to model/model_5.pth
Train Batch: [0/6468]	Loss 1.1681 (1.1681)	Top 1 Accuracy 87.309 (87.309)	Top 5 Accuracy 93.367 (93.367)
Train Batch: [100/6468]	Loss 1.1172 (1.1477)	Top 1 Accuracy 88.138 (87.637)	Top 5 Accuracy 93.782 (93.576)
Train Batch: [200/6468]	Loss 1.1755 (1.1468)	Top 1 Accuracy 87.691 (87.709)	Top 5 Accuracy 93.080 (93.588)
Train Batch: [300/6468]	Loss 1.1303 (1.1441)	Top 1 Accuracy 88.489 (87.772)	Top 5 Accuracy 94.037 (93.621)
Train Batch: [400/6468]	Loss 1.0905 (1.1454)	Top 1 Accuracy 88.042 (87.762)	Top 5 Accuracy 94.356 (93.606)
Train Batch: [500/6468]	Loss 1.1031 (1.1464)	Top 1 Accuracy 88.712 (87.755)	Top 5 Accuracy 94.483 (93.593)
Train Batch: [600/6468]	Loss 1.2092 (1.1460)	Top 1 Accuracy 86.767 (87.762)	Top 5 Accuracy 93.144 (93.603)
Train Batch: [700/6468]	Loss 1.1558 (1.1468)	Top 1 Accuracy 86.894 (87.752)	Top 5 Accuracy 93.973 (93.596)
Train Batch: [800/6468]	Loss 1.0914 (1.1469)	Top 1 Accuracy 87.978 (87.762)	Top 5 Accuracy 94.069 (93.593)
Train Batch: [900/6468]	Loss 1.1877 (1.1468)	Top 1 Accuracy 86.958 (87.764)	Top 5 Accuracy 92.730 (93.593)
Train Batch: [1000/6468]	Loss 1.1900 (1.1465)	Top 1 Accuracy 86.862 (87.772)	Top 5 Accuracy 93.208 (93.597)
Train Batch: [1100/6468]	Loss 1.1440 (1.1458)	Top 1 Accuracy 88.138 (87.780)	Top 5 Accuracy 93.527 (93.605)
Train Batch: [1200/6468]	Loss 1.1719 (1.1457)	Top 1 Accuracy 87.085 (87.780)	Top 5 Accuracy 93.240 (93.607)
Train Batch: [1300/6468]	Loss 1.0746 (1.1453)	Top 1 Accuracy 89.062 (87.791)	Top 5 Accuracy 94.834 (93.614)
Train Batch: [1400/6468]	Loss 1.1676 (1.1451)	Top 1 Accuracy 87.755 (87.793)	Top 5 Accuracy 92.985 (93.617)
Train Batch: [1500/6468]	Loss 1.1558 (1.1451)	Top 1 Accuracy 87.755 (87.793)	Top 5 Accuracy 93.846 (93.619)
Train Batch: [1600/6468]	Loss 1.2515 (1.1454)	Top 1 Accuracy 86.352 (87.786)	Top 5 Accuracy 92.124 (93.613)
Train Batch: [1700/6468]	Loss 1.1732 (1.1453)	Top 1 Accuracy 87.564 (87.788)	Top 5 Accuracy 93.335 (93.613)
Train Batch: [1800/6468]	Loss 1.1100 (1.1454)	Top 1 Accuracy 87.946 (87.786)	Top 5 Accuracy 93.686 (93.614)
Train Batch: [1900/6468]	Loss 1.1414 (1.1454)	Top 1 Accuracy 87.309 (87.783)	Top 5 Accuracy 93.718 (93.613)
Train Batch: [2000/6468]	Loss 1.1148 (1.1453)	Top 1 Accuracy 87.978 (87.783)	Top 5 Accuracy 94.260 (93.615)
Train Batch: [2100/6468]	Loss 1.1663 (1.1453)	Top 1 Accuracy 86.990 (87.782)	Top 5 Accuracy 92.921 (93.616)
Train Batch: [2200/6468]	Loss 1.1334 (1.1451)	Top 1 Accuracy 87.946 (87.785)	Top 5 Accuracy 93.973 (93.618)
Train Batch: [2300/6468]	Loss 1.2090 (1.1448)	Top 1 Accuracy 87.054 (87.790)	Top 5 Accuracy 93.208 (93.623)
Train Batch: [2400/6468]	Loss 1.1179 (1.1447)	Top 1 Accuracy 88.233 (87.791)	Top 5 Accuracy 94.133 (93.624)
Train Batch: [2500/6468]	Loss 1.2123 (1.1446)	Top 1 Accuracy 87.372 (87.794)	Top 5 Accuracy 92.570 (93.624)
Train Batch: [2600/6468]	Loss 1.2401 (1.1444)	Top 1 Accuracy 86.288 (87.797)	Top 5 Accuracy 92.443 (93.627)
Train Batch: [2700/6468]	Loss 1.2087 (1.1445)	Top 1 Accuracy 86.352 (87.796)	Top 5 Accuracy 92.857 (93.624)
Train Batch: [2800/6468]	Loss 1.1664 (1.1443)	Top 1 Accuracy 87.468 (87.799)	Top 5 Accuracy 93.367 (93.626)
Train Batch: [2900/6468]	Loss 1.0800 (1.1441)	Top 1 Accuracy 88.393 (87.802)	Top 5 Accuracy 94.324 (93.629)
Train Batch: [3000/6468]	Loss 1.1114 (1.1442)	Top 1 Accuracy 88.584 (87.799)	Top 5 Accuracy 94.292 (93.626)
Train Batch: [3100/6468]	Loss 1.1411 (1.1440)	Top 1 Accuracy 88.042 (87.802)	Top 5 Accuracy 93.718 (93.629)
Train Batch: [3200/6468]	Loss 1.1448 (1.1439)	Top 1 Accuracy 87.978 (87.804)	Top 5 Accuracy 93.431 (93.631)
Train Batch: [3300/6468]	Loss 1.1902 (1.1437)	Top 1 Accuracy 87.085 (87.804)	Top 5 Accuracy 92.921 (93.634)
Train Batch: [3400/6468]	Loss 1.1503 (1.1438)	Top 1 Accuracy 87.436 (87.804)	Top 5 Accuracy 93.750 (93.634)
Train Batch: [3500/6468]	Loss 1.1469 (1.1436)	Top 1 Accuracy 87.723 (87.806)	Top 5 Accuracy 93.527 (93.636)
Train Batch: [3600/6468]	Loss 1.0869 (1.1436)	Top 1 Accuracy 88.935 (87.806)	Top 5 Accuracy 94.515 (93.637)
Train Batch: [3700/6468]	Loss 1.1819 (1.1435)	Top 1 Accuracy 87.341 (87.807)	Top 5 Accuracy 93.176 (93.638)
Train Batch: [3800/6468]	Loss 1.1379 (1.1435)	Top 1 Accuracy 87.468 (87.807)	Top 5 Accuracy 93.527 (93.638)
Train Batch: [3900/6468]	Loss 1.1716 (1.1436)	Top 1 Accuracy 87.819 (87.806)	Top 5 Accuracy 93.527 (93.636)
Train Batch: [4000/6468]	Loss 1.1234 (1.1435)	Top 1 Accuracy 87.851 (87.808)	Top 5 Accuracy 93.941 (93.637)
Train Batch: [4100/6468]	Loss 1.1619 (1.1436)	Top 1 Accuracy 87.596 (87.807)	Top 5 Accuracy 93.431 (93.637)
Train Batch: [4200/6468]	Loss 1.1301 (1.1436)	Top 1 Accuracy 88.010 (87.808)	Top 5 Accuracy 93.909 (93.637)
Train Batch: [4300/6468]	Loss 1.1287 (1.1435)	Top 1 Accuracy 88.712 (87.809)	Top 5 Accuracy 93.941 (93.638)
Train Batch: [4400/6468]	Loss 1.1309 (1.1436)	Top 1 Accuracy 88.106 (87.808)	Top 5 Accuracy 93.399 (93.637)
Train Batch: [4500/6468]	Loss 1.1577 (1.1435)	Top 1 Accuracy 87.787 (87.809)	Top 5 Accuracy 93.591 (93.637)
Train Batch: [4600/6468]	Loss 1.1488 (1.1436)	Top 1 Accuracy 87.883 (87.808)	Top 5 Accuracy 93.080 (93.635)
Train Batch: [4700/6468]	Loss 1.1398 (1.1435)	Top 1 Accuracy 87.851 (87.808)	Top 5 Accuracy 93.941 (93.635)
Train Batch: [4800/6468]	Loss 1.1948 (1.1435)	Top 1 Accuracy 87.277 (87.809)	Top 5 Accuracy 92.793 (93.637)
Train Batch: [4900/6468]	Loss 1.1292 (1.1435)	Top 1 Accuracy 88.520 (87.808)	Top 5 Accuracy 93.622 (93.638)
Train Batch: [5000/6468]	Loss 1.1561 (1.1434)	Top 1 Accuracy 87.341 (87.809)	Top 5 Accuracy 93.367 (93.639)
Train Batch: [5100/6468]	Loss 1.2010 (1.1435)	Top 1 Accuracy 87.085 (87.808)	Top 5 Accuracy 92.060 (93.637)
Train Batch: [5200/6468]	Loss 1.1388 (1.1435)	Top 1 Accuracy 88.042 (87.807)	Top 5 Accuracy 93.878 (93.638)
Train Batch: [5300/6468]	Loss 1.1688 (1.1435)	Top 1 Accuracy 87.309 (87.807)	Top 5 Accuracy 93.463 (93.639)
Train Batch: [5400/6468]	Loss 1.1464 (1.1437)	Top 1 Accuracy 87.787 (87.805)	Top 5 Accuracy 93.591 (93.636)
Train Batch: [5500/6468]	Loss 1.1579 (1.1436)	Top 1 Accuracy 87.787 (87.805)	Top 5 Accuracy 93.527 (93.638)
Train Batch: [5600/6468]	Loss 1.1466 (1.1437)	Top 1 Accuracy 87.787 (87.805)	Top 5 Accuracy 93.208 (93.636)
Train Batch: [5700/6468]	Loss 1.1133 (1.1437)	Top 1 Accuracy 87.978 (87.805)	Top 5 Accuracy 94.196 (93.636)
Train Batch: [5800/6468]	Loss 1.1866 (1.1436)	Top 1 Accuracy 86.990 (87.804)	Top 5 Accuracy 93.431 (93.637)
Train Batch: [5900/6468]	Loss 1.1878 (1.1435)	Top 1 Accuracy 87.181 (87.805)	Top 5 Accuracy 92.825 (93.638)
Train Batch: [6000/6468]	Loss 1.1738 (1.1435)	Top 1 Accuracy 86.830 (87.805)	Top 5 Accuracy 93.782 (93.639)
Train Batch: [6100/6468]	Loss 1.1471 (1.1435)	Top 1 Accuracy 88.297 (87.805)	Top 5 Accuracy 93.559 (93.639)
Train Batch: [6200/6468]	Loss 1.1406 (1.1435)	Top 1 Accuracy 87.341 (87.804)	Top 5 Accuracy 93.559 (93.639)
Train Batch: [6300/6468]	Loss 1.1397 (1.1436)	Top 1 Accuracy 87.181 (87.802)	Top 5 Accuracy 93.272 (93.637)
Train Batch: [6400/6468]	Loss 1.1548 (1.1435)	Top 1 Accuracy 87.500 (87.804)	Top 5 Accuracy 93.750 (93.639)
Validation Batch: [0/391]	Loss 2.8390 (2.8390)	Top 1 Accuracy 79.082 (79.082)	Top 5 Accuracy 83.068 (83.068)
Validation Batch: [100/391]	Loss 2.9153 (2.9101)	Top 1 Accuracy 78.635 (79.079)	Top 5 Accuracy 82.653 (82.905)
Validation Batch: [200/391]	Loss 3.2064 (2.9199)	Top 1 Accuracy 78.125 (79.043)	Top 5 Accuracy 82.366 (82.875)
Validation Batch: [300/391]	Loss 2.9918 (2.9318)	Top 1 Accuracy 78.986 (78.982)	Top 5 Accuracy 83.355 (82.826)
Validation Epoch: 6	BLEU-1 (0.7167036104745088)	BLEU-2 (0.5142552781350891)	BLEU-3 (0.36634618933774005)	BLEU-4 (0.2553824615702383)	
Saved model to model/model_6.pth
Train Batch: [0/6468]	Loss 1.1035 (1.1035)	Top 1 Accuracy 88.584 (88.584)	Top 5 Accuracy 94.133 (94.133)
Train Batch: [100/6468]	Loss 1.1767 (1.1441)	Top 1 Accuracy 87.149 (87.805)	Top 5 Accuracy 93.080 (93.618)
Train Batch: [200/6468]	Loss 1.1886 (1.1428)	Top 1 Accuracy 87.628 (87.809)	Top 5 Accuracy 93.463 (93.628)
Train Batch: [300/6468]	Loss 1.1528 (1.1437)	Top 1 Accuracy 87.245 (87.787)	Top 5 Accuracy 93.782 (93.611)
Train Batch: [400/6468]	Loss 1.1303 (1.1441)	Top 1 Accuracy 87.723 (87.781)	Top 5 Accuracy 93.718 (93.605)
Train Batch: [500/6468]	Loss 1.2200 (1.1439)	Top 1 Accuracy 86.767 (87.784)	Top 5 Accuracy 92.379 (93.614)
Train Batch: [600/6468]	Loss 1.1212 (1.1436)	Top 1 Accuracy 88.202 (87.793)	Top 5 Accuracy 93.750 (93.623)
Train Batch: [700/6468]	Loss 1.0934 (1.1440)	Top 1 Accuracy 88.457 (87.794)	Top 5 Accuracy 94.260 (93.621)
Train Batch: [800/6468]	Loss 1.1436 (1.1434)	Top 1 Accuracy 87.915 (87.806)	Top 5 Accuracy 93.559 (93.629)
Train Batch: [900/6468]	Loss 1.1496 (1.1431)	Top 1 Accuracy 87.532 (87.807)	Top 5 Accuracy 93.622 (93.628)
Train Batch: [1000/6468]	Loss 1.1054 (1.1432)	Top 1 Accuracy 88.457 (87.804)	Top 5 Accuracy 94.037 (93.629)
Train Batch: [1100/6468]	Loss 1.1273 (1.1430)	Top 1 Accuracy 88.233 (87.807)	Top 5 Accuracy 93.654 (93.634)
Train Batch: [1200/6468]	Loss 1.2480 (1.1429)	Top 1 Accuracy 86.448 (87.809)	Top 5 Accuracy 92.251 (93.636)
Train Batch: [1300/6468]	Loss 1.1170 (1.1427)	Top 1 Accuracy 87.723 (87.811)	Top 5 Accuracy 93.750 (93.637)
Train Batch: [1400/6468]	Loss 1.1682 (1.1425)	Top 1 Accuracy 86.830 (87.816)	Top 5 Accuracy 93.080 (93.643)
Train Batch: [1500/6468]	Loss 1.0979 (1.1422)	Top 1 Accuracy 88.393 (87.818)	Top 5 Accuracy 94.515 (93.648)
Train Batch: [1600/6468]	Loss 1.1711 (1.1419)	Top 1 Accuracy 87.500 (87.822)	Top 5 Accuracy 93.208 (93.654)
Train Batch: [1700/6468]	Loss 1.0585 (1.1420)	Top 1 Accuracy 89.158 (87.820)	Top 5 Accuracy 94.739 (93.652)
Train Batch: [1800/6468]	Loss 1.1193 (1.1422)	Top 1 Accuracy 88.074 (87.817)	Top 5 Accuracy 93.941 (93.649)
Train Batch: [1900/6468]	Loss 1.1247 (1.1422)	Top 1 Accuracy 87.883 (87.820)	Top 5 Accuracy 93.973 (93.650)
Train Batch: [2000/6468]	Loss 1.1017 (1.1422)	Top 1 Accuracy 88.425 (87.819)	Top 5 Accuracy 94.037 (93.649)
Train Batch: [2100/6468]	Loss 1.1074 (1.1422)	Top 1 Accuracy 88.202 (87.818)	Top 5 Accuracy 94.069 (93.650)
Train Batch: [2200/6468]	Loss 1.2089 (1.1421)	Top 1 Accuracy 87.085 (87.818)	Top 5 Accuracy 92.602 (93.648)
Train Batch: [2300/6468]	Loss 1.1404 (1.1419)	Top 1 Accuracy 88.297 (87.820)	Top 5 Accuracy 93.527 (93.651)
Train Batch: [2400/6468]	Loss 1.1535 (1.1421)	Top 1 Accuracy 87.596 (87.817)	Top 5 Accuracy 93.272 (93.649)
Train Batch: [2500/6468]	Loss 1.2149 (1.1422)	Top 1 Accuracy 86.480 (87.815)	Top 5 Accuracy 92.953 (93.652)
Train Batch: [2600/6468]	Loss 1.1265 (1.1420)	Top 1 Accuracy 88.871 (87.819)	Top 5 Accuracy 94.069 (93.653)
Train Batch: [2700/6468]	Loss 1.0867 (1.1418)	Top 1 Accuracy 88.520 (87.821)	Top 5 Accuracy 94.834 (93.655)
Train Batch: [2800/6468]	Loss 1.1480 (1.1420)	Top 1 Accuracy 87.372 (87.819)	Top 5 Accuracy 93.878 (93.651)
Train Batch: [2900/6468]	Loss 1.1129 (1.1419)	Top 1 Accuracy 88.297 (87.820)	Top 5 Accuracy 94.101 (93.654)
Train Batch: [3000/6468]	Loss 1.1125 (1.1418)	Top 1 Accuracy 88.552 (87.821)	Top 5 Accuracy 94.324 (93.656)
Train Batch: [3100/6468]	Loss 1.1723 (1.1417)	Top 1 Accuracy 87.532 (87.821)	Top 5 Accuracy 93.240 (93.656)
Train Batch: [3200/6468]	Loss 1.1459 (1.1419)	Top 1 Accuracy 87.946 (87.818)	Top 5 Accuracy 93.559 (93.654)
Train Batch: [3300/6468]	Loss 1.1523 (1.1418)	Top 1 Accuracy 87.691 (87.818)	Top 5 Accuracy 93.272 (93.656)
Train Batch: [3400/6468]	Loss 1.1073 (1.1418)	Top 1 Accuracy 88.265 (87.819)	Top 5 Accuracy 93.846 (93.656)
Train Batch: [3500/6468]	Loss 1.1195 (1.1418)	Top 1 Accuracy 88.361 (87.819)	Top 5 Accuracy 93.941 (93.657)
Train Batch: [3600/6468]	Loss 1.1158 (1.1417)	Top 1 Accuracy 88.297 (87.821)	Top 5 Accuracy 94.069 (93.658)
Train Batch: [3700/6468]	Loss 1.1357 (1.1417)	Top 1 Accuracy 88.520 (87.822)	Top 5 Accuracy 93.814 (93.658)
Train Batch: [3800/6468]	Loss 1.1625 (1.1416)	Top 1 Accuracy 87.404 (87.823)	Top 5 Accuracy 93.463 (93.660)
Train Batch: [3900/6468]	Loss 1.1152 (1.1415)	Top 1 Accuracy 87.946 (87.826)	Top 5 Accuracy 94.101 (93.660)
Train Batch: [4000/6468]	Loss 1.2311 (1.1416)	Top 1 Accuracy 87.085 (87.826)	Top 5 Accuracy 92.666 (93.658)
Train Batch: [4100/6468]	Loss 1.1508 (1.1416)	Top 1 Accuracy 87.596 (87.826)	Top 5 Accuracy 93.304 (93.660)
Train Batch: [4200/6468]	Loss 1.0912 (1.1415)	Top 1 Accuracy 88.680 (87.826)	Top 5 Accuracy 94.133 (93.660)
Train Batch: [4300/6468]	Loss 1.1188 (1.1417)	Top 1 Accuracy 87.915 (87.822)	Top 5 Accuracy 93.782 (93.658)
Train Batch: [4400/6468]	Loss 1.0671 (1.1417)	Top 1 Accuracy 88.935 (87.824)	Top 5 Accuracy 94.292 (93.658)
Train Batch: [4500/6468]	Loss 1.1104 (1.1417)	Top 1 Accuracy 87.946 (87.824)	Top 5 Accuracy 94.196 (93.658)
Train Batch: [4600/6468]	Loss 1.1247 (1.1416)	Top 1 Accuracy 87.978 (87.826)	Top 5 Accuracy 93.622 (93.658)
Train Batch: [4700/6468]	Loss 1.1768 (1.1417)	Top 1 Accuracy 87.277 (87.824)	Top 5 Accuracy 93.335 (93.658)
Train Batch: [4800/6468]	Loss 1.1770 (1.1417)	Top 1 Accuracy 87.022 (87.823)	Top 5 Accuracy 93.176 (93.659)
Train Batch: [4900/6468]	Loss 1.1131 (1.1417)	Top 1 Accuracy 87.691 (87.824)	Top 5 Accuracy 94.165 (93.659)
Train Batch: [5000/6468]	Loss 1.1430 (1.1416)	Top 1 Accuracy 87.564 (87.824)	Top 5 Accuracy 93.814 (93.660)
Train Batch: [5100/6468]	Loss 1.1245 (1.1416)	Top 1 Accuracy 88.138 (87.822)	Top 5 Accuracy 94.037 (93.661)
Train Batch: [5200/6468]	Loss 1.1517 (1.1416)	Top 1 Accuracy 87.978 (87.822)	Top 5 Accuracy 93.878 (93.661)
Train Batch: [5300/6468]	Loss 1.1387 (1.1416)	Top 1 Accuracy 87.564 (87.823)	Top 5 Accuracy 93.431 (93.662)
Train Batch: [5400/6468]	Loss 1.1789 (1.1415)	Top 1 Accuracy 87.691 (87.823)	Top 5 Accuracy 93.304 (93.662)
Train Batch: [5500/6468]	Loss 1.1407 (1.1415)	Top 1 Accuracy 87.500 (87.823)	Top 5 Accuracy 93.654 (93.662)
Train Batch: [5600/6468]	Loss 1.1481 (1.1414)	Top 1 Accuracy 87.691 (87.825)	Top 5 Accuracy 93.814 (93.663)
Train Batch: [5700/6468]	Loss 1.1327 (1.1413)	Top 1 Accuracy 87.819 (87.826)	Top 5 Accuracy 93.909 (93.665)
Train Batch: [5800/6468]	Loss 1.1288 (1.1414)	Top 1 Accuracy 88.106 (87.826)	Top 5 Accuracy 93.495 (93.663)
Train Batch: [5900/6468]	Loss 1.1140 (1.1413)	Top 1 Accuracy 88.170 (87.827)	Top 5 Accuracy 93.941 (93.665)
Train Batch: [6000/6468]	Loss 1.1182 (1.1412)	Top 1 Accuracy 87.851 (87.829)	Top 5 Accuracy 93.654 (93.666)
Train Batch: [6100/6468]	Loss 1.1116 (1.1411)	Top 1 Accuracy 88.425 (87.830)	Top 5 Accuracy 94.069 (93.667)
Train Batch: [6200/6468]	Loss 1.1025 (1.1412)	Top 1 Accuracy 88.042 (87.829)	Top 5 Accuracy 94.005 (93.666)
Train Batch: [6300/6468]	Loss 1.1085 (1.1412)	Top 1 Accuracy 88.680 (87.830)	Top 5 Accuracy 94.101 (93.666)
Train Batch: [6400/6468]	Loss 1.1530 (1.1412)	Top 1 Accuracy 88.106 (87.830)	Top 5 Accuracy 93.463 (93.666)
Validation Batch: [0/391]	Loss 2.6948 (2.6948)	Top 1 Accuracy 80.230 (80.230)	Top 5 Accuracy 83.992 (83.992)
Validation Batch: [100/391]	Loss 3.3047 (2.9435)	Top 1 Accuracy 77.105 (78.911)	Top 5 Accuracy 81.122 (82.684)
Validation Batch: [200/391]	Loss 2.7723 (2.9449)	Top 1 Accuracy 79.369 (78.908)	Top 5 Accuracy 83.482 (82.711)
Validation Batch: [300/391]	Loss 3.1486 (2.9407)	Top 1 Accuracy 77.838 (78.924)	Top 5 Accuracy 81.888 (82.732)
Validation Epoch: 7	BLEU-1 (0.7157945808763156)	BLEU-2 (0.5143069538562856)	BLEU-3 (0.3668797495856439)	BLEU-4 (0.25617205409593585)	
Saved model to model/model_7.pth
Train Batch: [0/6468]	Loss 1.1643 (1.1643)	Top 1 Accuracy 87.659 (87.659)	Top 5 Accuracy 92.985 (92.985)
Train Batch: [100/6468]	Loss 1.1882 (1.1435)	Top 1 Accuracy 86.926 (87.788)	Top 5 Accuracy 93.431 (93.656)
Train Batch: [200/6468]	Loss 1.1331 (1.1403)	Top 1 Accuracy 87.978 (87.831)	Top 5 Accuracy 93.686 (93.693)
Train Batch: [300/6468]	Loss 1.1566 (1.1419)	Top 1 Accuracy 87.309 (87.804)	Top 5 Accuracy 93.622 (93.663)
Train Batch: [400/6468]	Loss 1.1134 (1.1433)	Top 1 Accuracy 88.776 (87.798)	Top 5 Accuracy 93.622 (93.640)
Train Batch: [500/6468]	Loss 1.0468 (1.1427)	Top 1 Accuracy 89.541 (87.806)	Top 5 Accuracy 95.312 (93.637)
Train Batch: [600/6468]	Loss 1.1648 (1.1422)	Top 1 Accuracy 87.277 (87.816)	Top 5 Accuracy 93.878 (93.646)
Train Batch: [700/6468]	Loss 1.1837 (1.1421)	Top 1 Accuracy 87.245 (87.819)	Top 5 Accuracy 93.112 (93.652)
Train Batch: [800/6468]	Loss 1.1882 (1.1421)	Top 1 Accuracy 86.990 (87.815)	Top 5 Accuracy 93.144 (93.652)
Train Batch: [900/6468]	Loss 1.1700 (1.1417)	Top 1 Accuracy 87.564 (87.822)	Top 5 Accuracy 93.176 (93.656)
Train Batch: [1000/6468]	Loss 1.0567 (1.1415)	Top 1 Accuracy 89.445 (87.820)	Top 5 Accuracy 94.802 (93.657)
Train Batch: [1100/6468]	Loss 1.1535 (1.1408)	Top 1 Accuracy 87.596 (87.826)	Top 5 Accuracy 93.144 (93.668)
Train Batch: [1200/6468]	Loss 1.1526 (1.1410)	Top 1 Accuracy 87.404 (87.816)	Top 5 Accuracy 93.782 (93.666)
Train Batch: [1300/6468]	Loss 1.1885 (1.1409)	Top 1 Accuracy 87.372 (87.820)	Top 5 Accuracy 93.240 (93.670)
Train Batch: [1400/6468]	Loss 1.1455 (1.1406)	Top 1 Accuracy 87.404 (87.823)	Top 5 Accuracy 93.304 (93.670)
Train Batch: [1500/6468]	Loss 1.1124 (1.1409)	Top 1 Accuracy 89.031 (87.822)	Top 5 Accuracy 94.101 (93.666)
Train Batch: [1600/6468]	Loss 1.1138 (1.1410)	Top 1 Accuracy 88.106 (87.818)	Top 5 Accuracy 94.069 (93.664)
Train Batch: [1700/6468]	Loss 1.0935 (1.1413)	Top 1 Accuracy 88.361 (87.814)	Top 5 Accuracy 94.356 (93.661)
Train Batch: [1800/6468]	Loss 1.1736 (1.1408)	Top 1 Accuracy 87.309 (87.821)	Top 5 Accuracy 93.495 (93.666)
Train Batch: [1900/6468]	Loss 1.1143 (1.1405)	Top 1 Accuracy 88.202 (87.825)	Top 5 Accuracy 93.973 (93.671)
Train Batch: [2000/6468]	Loss 1.1442 (1.1405)	Top 1 Accuracy 87.851 (87.827)	Top 5 Accuracy 93.718 (93.672)
Train Batch: [2100/6468]	Loss 1.1625 (1.1405)	Top 1 Accuracy 87.022 (87.827)	Top 5 Accuracy 93.559 (93.671)
Train Batch: [2200/6468]	Loss 1.1701 (1.1406)	Top 1 Accuracy 87.341 (87.830)	Top 5 Accuracy 93.240 (93.669)
Train Batch: [2300/6468]	Loss 1.1495 (1.1405)	Top 1 Accuracy 87.341 (87.832)	Top 5 Accuracy 93.750 (93.671)
Train Batch: [2400/6468]	Loss 1.1466 (1.1408)	Top 1 Accuracy 87.436 (87.828)	Top 5 Accuracy 93.304 (93.668)
Train Batch: [2500/6468]	Loss 1.0833 (1.1407)	Top 1 Accuracy 88.680 (87.829)	Top 5 Accuracy 94.420 (93.670)
Train Batch: [2600/6468]	Loss 1.1231 (1.1406)	Top 1 Accuracy 88.265 (87.828)	Top 5 Accuracy 93.495 (93.671)
Train Batch: [2700/6468]	Loss 1.1346 (1.1407)	Top 1 Accuracy 87.946 (87.828)	Top 5 Accuracy 93.909 (93.670)
Train Batch: [2800/6468]	Loss 1.1502 (1.1407)	Top 1 Accuracy 87.819 (87.828)	Top 5 Accuracy 93.112 (93.670)
Train Batch: [2900/6468]	Loss 1.1549 (1.1407)	Top 1 Accuracy 87.755 (87.829)	Top 5 Accuracy 93.304 (93.671)
Train Batch: [3000/6468]	Loss 1.0884 (1.1404)	Top 1 Accuracy 88.871 (87.833)	Top 5 Accuracy 94.069 (93.675)
Train Batch: [3100/6468]	Loss 1.1576 (1.1404)	Top 1 Accuracy 87.436 (87.831)	Top 5 Accuracy 93.622 (93.674)
Train Batch: [3200/6468]	Loss 1.1282 (1.1404)	Top 1 Accuracy 88.297 (87.832)	Top 5 Accuracy 93.782 (93.674)
Train Batch: [3300/6468]	Loss 1.1196 (1.1404)	Top 1 Accuracy 88.329 (87.833)	Top 5 Accuracy 93.559 (93.675)
Train Batch: [3400/6468]	Loss 1.2070 (1.1404)	Top 1 Accuracy 87.022 (87.831)	Top 5 Accuracy 93.017 (93.674)
Train Batch: [3500/6468]	Loss 1.1142 (1.1404)	Top 1 Accuracy 88.074 (87.831)	Top 5 Accuracy 93.941 (93.675)
Train Batch: [3600/6468]	Loss 1.1337 (1.1402)	Top 1 Accuracy 87.691 (87.834)	Top 5 Accuracy 93.718 (93.678)
Train Batch: [3700/6468]	Loss 1.1061 (1.1403)	Top 1 Accuracy 88.935 (87.835)	Top 5 Accuracy 94.228 (93.677)
Train Batch: [3800/6468]	Loss 1.1263 (1.1403)	Top 1 Accuracy 87.628 (87.834)	Top 5 Accuracy 93.750 (93.677)
Train Batch: [3900/6468]	Loss 1.1954 (1.1403)	Top 1 Accuracy 86.798 (87.835)	Top 5 Accuracy 93.048 (93.677)
Train Batch: [4000/6468]	Loss 1.1247 (1.1402)	Top 1 Accuracy 88.170 (87.837)	Top 5 Accuracy 93.527 (93.679)
Train Batch: [4100/6468]	Loss 1.1003 (1.1401)	Top 1 Accuracy 88.584 (87.838)	Top 5 Accuracy 94.260 (93.681)
Train Batch: [4200/6468]	Loss 1.1384 (1.1400)	Top 1 Accuracy 87.978 (87.839)	Top 5 Accuracy 93.017 (93.681)
Train Batch: [4300/6468]	Loss 1.1542 (1.1399)	Top 1 Accuracy 87.628 (87.840)	Top 5 Accuracy 93.718 (93.683)
Train Batch: [4400/6468]	Loss 1.1388 (1.1399)	Top 1 Accuracy 88.170 (87.840)	Top 5 Accuracy 93.782 (93.682)
Train Batch: [4500/6468]	Loss 1.1195 (1.1399)	Top 1 Accuracy 87.755 (87.841)	Top 5 Accuracy 94.260 (93.683)
Train Batch: [4600/6468]	Loss 1.1342 (1.1399)	Top 1 Accuracy 88.361 (87.839)	Top 5 Accuracy 93.782 (93.682)
Train Batch: [4700/6468]	Loss 1.1245 (1.1398)	Top 1 Accuracy 87.532 (87.842)	Top 5 Accuracy 93.750 (93.683)
Train Batch: [4800/6468]	Loss 1.1310 (1.1397)	Top 1 Accuracy 87.723 (87.844)	Top 5 Accuracy 93.654 (93.685)
Train Batch: [4900/6468]	Loss 1.1661 (1.1398)	Top 1 Accuracy 87.117 (87.844)	Top 5 Accuracy 93.495 (93.684)
Train Batch: [5000/6468]	Loss 1.1543 (1.1398)	Top 1 Accuracy 87.500 (87.843)	Top 5 Accuracy 93.527 (93.684)
Train Batch: [5100/6468]	Loss 1.1200 (1.1399)	Top 1 Accuracy 87.946 (87.843)	Top 5 Accuracy 94.005 (93.683)
Train Batch: [5200/6468]	Loss 1.1780 (1.1399)	Top 1 Accuracy 87.404 (87.844)	Top 5 Accuracy 93.176 (93.683)
Train Batch: [5300/6468]	Loss 1.0815 (1.1399)	Top 1 Accuracy 88.233 (87.842)	Top 5 Accuracy 94.133 (93.682)
Train Batch: [5400/6468]	Loss 1.1300 (1.1398)	Top 1 Accuracy 87.628 (87.844)	Top 5 Accuracy 94.133 (93.683)
Train Batch: [5500/6468]	Loss 1.0986 (1.1397)	Top 1 Accuracy 88.712 (87.846)	Top 5 Accuracy 94.579 (93.685)
Train Batch: [5600/6468]	Loss 1.1068 (1.1397)	Top 1 Accuracy 88.361 (87.847)	Top 5 Accuracy 94.101 (93.684)
Train Batch: [5700/6468]	Loss 1.0984 (1.1396)	Top 1 Accuracy 88.776 (87.849)	Top 5 Accuracy 94.165 (93.687)
Train Batch: [5800/6468]	Loss 1.1531 (1.1396)	Top 1 Accuracy 87.755 (87.848)	Top 5 Accuracy 93.559 (93.686)
Train Batch: [5900/6468]	Loss 1.1253 (1.1396)	Top 1 Accuracy 87.628 (87.849)	Top 5 Accuracy 94.037 (93.687)
Train Batch: [6000/6468]	Loss 1.0826 (1.1396)	Top 1 Accuracy 88.744 (87.848)	Top 5 Accuracy 94.802 (93.687)
Train Batch: [6100/6468]	Loss 1.2227 (1.1396)	Top 1 Accuracy 86.480 (87.849)	Top 5 Accuracy 92.602 (93.688)
Train Batch: [6200/6468]	Loss 1.1571 (1.1396)	Top 1 Accuracy 87.372 (87.850)	Top 5 Accuracy 93.463 (93.687)
Train Batch: [6300/6468]	Loss 1.1119 (1.1396)	Top 1 Accuracy 88.074 (87.849)	Top 5 Accuracy 94.069 (93.687)
Train Batch: [6400/6468]	Loss 1.1606 (1.1397)	Top 1 Accuracy 88.042 (87.850)	Top 5 Accuracy 93.878 (93.687)
Validation Batch: [0/391]	Loss 2.8961 (2.8961)	Top 1 Accuracy 79.114 (79.114)	Top 5 Accuracy 82.972 (82.972)
Validation Batch: [100/391]	Loss 2.8600 (2.9275)	Top 1 Accuracy 79.305 (79.002)	Top 5 Accuracy 83.418 (82.778)
Validation Batch: [200/391]	Loss 3.2082 (2.9382)	Top 1 Accuracy 77.870 (78.972)	Top 5 Accuracy 81.760 (82.810)
Validation Batch: [300/391]	Loss 3.0581 (2.9437)	Top 1 Accuracy 78.635 (78.952)	Top 5 Accuracy 82.526 (82.796)
Validation Epoch: 8	BLEU-1 (0.7172895446375075)	BLEU-2 (0.5153833407863397)	BLEU-3 (0.36762674686333524)	BLEU-4 (0.25675603185704243)	
Saved model to model/model_8.pth
Train Batch: [0/6468]	Loss 1.2285 (1.2285)	Top 1 Accuracy 85.969 (85.969)	Top 5 Accuracy 92.634 (92.634)
Train Batch: [100/6468]	Loss 1.1011 (1.1334)	Top 1 Accuracy 88.265 (87.886)	Top 5 Accuracy 94.579 (93.727)
Train Batch: [200/6468]	Loss 1.1001 (1.1340)	Top 1 Accuracy 88.329 (87.910)	Top 5 Accuracy 93.973 (93.723)
Train Batch: [300/6468]	Loss 1.2545 (1.1357)	Top 1 Accuracy 85.842 (87.891)	Top 5 Accuracy 91.996 (93.702)
Train Batch: [400/6468]	Loss 1.1130 (1.1345)	Top 1 Accuracy 88.202 (87.911)	Top 5 Accuracy 94.005 (93.728)
Train Batch: [500/6468]	Loss 1.1053 (1.1345)	Top 1 Accuracy 87.787 (87.917)	Top 5 Accuracy 94.324 (93.735)
Train Batch: [600/6468]	Loss 1.1301 (1.1352)	Top 1 Accuracy 88.010 (87.901)	Top 5 Accuracy 94.133 (93.727)
Train Batch: [700/6468]	Loss 1.1413 (1.1354)	Top 1 Accuracy 87.564 (87.900)	Top 5 Accuracy 93.718 (93.730)
Train Batch: [800/6468]	Loss 1.1144 (1.1357)	Top 1 Accuracy 88.329 (87.899)	Top 5 Accuracy 93.814 (93.726)
Train Batch: [900/6468]	Loss 1.1083 (1.1363)	Top 1 Accuracy 88.744 (87.891)	Top 5 Accuracy 94.165 (93.718)
Train Batch: [1000/6468]	Loss 1.1337 (1.1363)	Top 1 Accuracy 87.245 (87.893)	Top 5 Accuracy 93.782 (93.719)
Train Batch: [1100/6468]	Loss 1.1447 (1.1362)	Top 1 Accuracy 88.042 (87.889)	Top 5 Accuracy 93.718 (93.721)
Train Batch: [1200/6468]	Loss 1.1129 (1.1364)	Top 1 Accuracy 88.233 (87.887)	Top 5 Accuracy 94.356 (93.717)
Train Batch: [1300/6468]	Loss 1.1071 (1.1368)	Top 1 Accuracy 88.520 (87.883)	Top 5 Accuracy 94.165 (93.713)
Train Batch: [1400/6468]	Loss 1.0773 (1.1365)	Top 1 Accuracy 88.329 (87.886)	Top 5 Accuracy 94.611 (93.719)
Train Batch: [1500/6468]	Loss 1.1346 (1.1369)	Top 1 Accuracy 87.691 (87.882)	Top 5 Accuracy 93.495 (93.716)
Train Batch: [1600/6468]	Loss 1.1656 (1.1373)	Top 1 Accuracy 87.341 (87.878)	Top 5 Accuracy 93.240 (93.713)
Train Batch: [1700/6468]	Loss 1.1193 (1.1373)	Top 1 Accuracy 87.468 (87.876)	Top 5 Accuracy 94.101 (93.712)
Train Batch: [1800/6468]	Loss 1.0953 (1.1371)	Top 1 Accuracy 88.457 (87.881)	Top 5 Accuracy 94.133 (93.715)
Train Batch: [1900/6468]	Loss 1.1125 (1.1376)	Top 1 Accuracy 88.425 (87.873)	Top 5 Accuracy 93.814 (93.708)
Train Batch: [2000/6468]	Loss 1.2496 (1.1377)	Top 1 Accuracy 85.969 (87.873)	Top 5 Accuracy 92.251 (93.707)
Train Batch: [2100/6468]	Loss 1.1478 (1.1379)	Top 1 Accuracy 87.596 (87.872)	Top 5 Accuracy 93.591 (93.705)
Train Batch: [2200/6468]	Loss 1.0807 (1.1381)	Top 1 Accuracy 88.712 (87.869)	Top 5 Accuracy 94.483 (93.703)
Train Batch: [2300/6468]	Loss 1.1140 (1.1381)	Top 1 Accuracy 88.361 (87.871)	Top 5 Accuracy 94.452 (93.705)
Train Batch: [2400/6468]	Loss 1.1087 (1.1380)	Top 1 Accuracy 88.712 (87.872)	Top 5 Accuracy 94.069 (93.707)
Train Batch: [2500/6468]	Loss 1.1545 (1.1381)	Top 1 Accuracy 87.468 (87.870)	Top 5 Accuracy 93.367 (93.704)
Train Batch: [2600/6468]	Loss 1.0880 (1.1382)	Top 1 Accuracy 89.094 (87.869)	Top 5 Accuracy 94.483 (93.703)
Train Batch: [2700/6468]	Loss 1.1133 (1.1382)	Top 1 Accuracy 88.584 (87.869)	Top 5 Accuracy 94.165 (93.703)
Train Batch: [2800/6468]	Loss 1.0767 (1.1383)	Top 1 Accuracy 88.265 (87.870)	Top 5 Accuracy 94.770 (93.703)
Train Batch: [2900/6468]	Loss 1.1421 (1.1382)	Top 1 Accuracy 87.978 (87.873)	Top 5 Accuracy 93.941 (93.703)
Train Batch: [3000/6468]	Loss 1.1705 (1.1380)	Top 1 Accuracy 87.309 (87.875)	Top 5 Accuracy 93.272 (93.706)
Train Batch: [3100/6468]	Loss 1.1304 (1.1379)	Top 1 Accuracy 88.042 (87.877)	Top 5 Accuracy 93.846 (93.706)
Train Batch: [3200/6468]	Loss 1.1319 (1.1379)	Top 1 Accuracy 88.393 (87.877)	Top 5 Accuracy 93.654 (93.706)
Train Batch: [3300/6468]	Loss 1.1552 (1.1379)	Top 1 Accuracy 87.117 (87.876)	Top 5 Accuracy 93.495 (93.706)
Train Batch: [3400/6468]	Loss 1.1317 (1.1378)	Top 1 Accuracy 88.329 (87.877)	Top 5 Accuracy 93.718 (93.707)
Train Batch: [3500/6468]	Loss 1.1294 (1.1376)	Top 1 Accuracy 88.074 (87.882)	Top 5 Accuracy 93.527 (93.710)
Train Batch: [3600/6468]	Loss 1.1250 (1.1377)	Top 1 Accuracy 88.042 (87.880)	Top 5 Accuracy 93.718 (93.710)
Train Batch: [3700/6468]	Loss 1.1176 (1.1377)	Top 1 Accuracy 88.265 (87.880)	Top 5 Accuracy 93.973 (93.710)
Train Batch: [3800/6468]	Loss 1.1201 (1.1378)	Top 1 Accuracy 87.851 (87.879)	Top 5 Accuracy 93.814 (93.711)
Train Batch: [3900/6468]	Loss 1.1130 (1.1379)	Top 1 Accuracy 88.393 (87.878)	Top 5 Accuracy 94.452 (93.710)
Train Batch: [4000/6468]	Loss 1.2208 (1.1379)	Top 1 Accuracy 87.181 (87.877)	Top 5 Accuracy 92.761 (93.711)
Train Batch: [4100/6468]	Loss 1.1386 (1.1380)	Top 1 Accuracy 87.851 (87.877)	Top 5 Accuracy 93.176 (93.711)
Train Batch: [4200/6468]	Loss 1.0864 (1.1379)	Top 1 Accuracy 88.457 (87.879)	Top 5 Accuracy 94.388 (93.712)
Train Batch: [4300/6468]	Loss 1.1122 (1.1380)	Top 1 Accuracy 88.042 (87.878)	Top 5 Accuracy 93.878 (93.711)
Train Batch: [4400/6468]	Loss 1.1211 (1.1379)	Top 1 Accuracy 88.807 (87.878)	Top 5 Accuracy 93.846 (93.712)
Train Batch: [4500/6468]	Loss 1.1167 (1.1378)	Top 1 Accuracy 88.520 (87.879)	Top 5 Accuracy 93.718 (93.713)
Train Batch: [4600/6468]	Loss 1.1375 (1.1378)	Top 1 Accuracy 87.532 (87.880)	Top 5 Accuracy 93.941 (93.713)
Train Batch: [4700/6468]	Loss 1.1640 (1.1379)	Top 1 Accuracy 87.213 (87.879)	Top 5 Accuracy 93.208 (93.711)
Train Batch: [4800/6468]	Loss 1.1891 (1.1381)	Top 1 Accuracy 86.703 (87.877)	Top 5 Accuracy 92.857 (93.710)
Train Batch: [4900/6468]	Loss 1.1738 (1.1380)	Top 1 Accuracy 87.691 (87.878)	Top 5 Accuracy 92.985 (93.711)
Train Batch: [5000/6468]	Loss 1.1768 (1.1380)	Top 1 Accuracy 87.596 (87.879)	Top 5 Accuracy 93.431 (93.711)
Train Batch: [5100/6468]	Loss 1.1196 (1.1380)	Top 1 Accuracy 88.010 (87.878)	Top 5 Accuracy 94.069 (93.711)
Train Batch: [5200/6468]	Loss 1.1405 (1.1380)	Top 1 Accuracy 88.393 (87.878)	Top 5 Accuracy 94.069 (93.710)
Train Batch: [5300/6468]	Loss 1.1083 (1.1380)	Top 1 Accuracy 88.648 (87.879)	Top 5 Accuracy 94.165 (93.711)
Train Batch: [5400/6468]	Loss 1.1479 (1.1381)	Top 1 Accuracy 87.628 (87.876)	Top 5 Accuracy 93.654 (93.708)
Train Batch: [5500/6468]	Loss 1.1318 (1.1380)	Top 1 Accuracy 88.042 (87.877)	Top 5 Accuracy 93.814 (93.710)
Train Batch: [5600/6468]	Loss 1.1197 (1.1380)	Top 1 Accuracy 88.329 (87.878)	Top 5 Accuracy 94.196 (93.709)
Train Batch: [5700/6468]	Loss 1.0855 (1.1381)	Top 1 Accuracy 88.520 (87.875)	Top 5 Accuracy 94.260 (93.708)
Train Batch: [5800/6468]	Loss 1.0826 (1.1380)	Top 1 Accuracy 88.648 (87.877)	Top 5 Accuracy 94.388 (93.710)
Train Batch: [5900/6468]	Loss 1.0887 (1.1380)	Top 1 Accuracy 88.170 (87.876)	Top 5 Accuracy 94.483 (93.709)
Train Batch: [6000/6468]	Loss 1.1195 (1.1381)	Top 1 Accuracy 88.074 (87.875)	Top 5 Accuracy 94.005 (93.709)
Train Batch: [6100/6468]	Loss 1.1147 (1.1380)	Top 1 Accuracy 88.010 (87.876)	Top 5 Accuracy 93.878 (93.710)
Train Batch: [6200/6468]	Loss 1.1770 (1.1380)	Top 1 Accuracy 87.628 (87.874)	Top 5 Accuracy 93.304 (93.709)
Train Batch: [6300/6468]	Loss 1.0882 (1.1379)	Top 1 Accuracy 88.839 (87.875)	Top 5 Accuracy 94.260 (93.711)
Train Batch: [6400/6468]	Loss 1.0974 (1.1380)	Top 1 Accuracy 88.712 (87.873)	Top 5 Accuracy 94.165 (93.710)
Validation Batch: [0/391]	Loss 2.7721 (2.7721)	Top 1 Accuracy 79.624 (79.624)	Top 5 Accuracy 83.450 (83.450)
Validation Batch: [100/391]	Loss 2.8468 (2.9330)	Top 1 Accuracy 79.050 (79.020)	Top 5 Accuracy 82.526 (82.816)
Validation Batch: [200/391]	Loss 3.0481 (2.9381)	Top 1 Accuracy 78.954 (79.004)	Top 5 Accuracy 82.844 (82.825)
Validation Batch: [300/391]	Loss 2.8908 (2.9454)	Top 1 Accuracy 79.464 (78.991)	Top 5 Accuracy 83.673 (82.815)
Validation Epoch: 9	BLEU-1 (0.7192827968673886)	BLEU-2 (0.5184071413149245)	BLEU-3 (0.3705769163304823)	BLEU-4 (0.25933716793316663)	
Saved model to model/model_9.pth
Train Batch: [0/6468]	Loss 1.0593 (1.0593)	Top 1 Accuracy 88.457 (88.457)	Top 5 Accuracy 95.026 (95.026)
Train Batch: [100/6468]	Loss 1.0852 (1.1323)	Top 1 Accuracy 89.031 (87.947)	Top 5 Accuracy 94.515 (93.818)
Train Batch: [200/6468]	Loss 1.1744 (1.1357)	Top 1 Accuracy 87.500 (87.896)	Top 5 Accuracy 93.304 (93.753)
Train Batch: [300/6468]	Loss 1.1348 (1.1367)	Top 1 Accuracy 88.552 (87.909)	Top 5 Accuracy 93.559 (93.735)
Train Batch: [400/6468]	Loss 1.1348 (1.1365)	Top 1 Accuracy 87.978 (87.886)	Top 5 Accuracy 93.909 (93.736)
Train Batch: [500/6468]	Loss 1.1190 (1.1372)	Top 1 Accuracy 88.265 (87.876)	Top 5 Accuracy 93.973 (93.720)
Train Batch: [600/6468]	Loss 1.1710 (1.1371)	Top 1 Accuracy 87.691 (87.871)	Top 5 Accuracy 92.953 (93.721)
Train Batch: [700/6468]	Loss 1.0895 (1.1374)	Top 1 Accuracy 88.170 (87.868)	Top 5 Accuracy 94.547 (93.719)
Train Batch: [800/6468]	Loss 1.1721 (1.1380)	Top 1 Accuracy 88.042 (87.869)	Top 5 Accuracy 93.367 (93.710)
Train Batch: [900/6468]	Loss 1.0908 (1.1381)	Top 1 Accuracy 88.520 (87.867)	Top 5 Accuracy 94.388 (93.707)
Train Batch: [1000/6468]	Loss 1.1572 (1.1375)	Top 1 Accuracy 87.819 (87.878)	Top 5 Accuracy 93.622 (93.714)
Train Batch: [1100/6468]	Loss 1.1135 (1.1371)	Top 1 Accuracy 87.978 (87.879)	Top 5 Accuracy 94.069 (93.717)
Train Batch: [1200/6468]	Loss 1.0976 (1.1373)	Top 1 Accuracy 88.233 (87.877)	Top 5 Accuracy 94.643 (93.716)
Train Batch: [1300/6468]	Loss 1.1913 (1.1371)	Top 1 Accuracy 87.213 (87.880)	Top 5 Accuracy 93.335 (93.719)
Train Batch: [1400/6468]	Loss 1.0792 (1.1373)	Top 1 Accuracy 89.031 (87.875)	Top 5 Accuracy 94.133 (93.717)
Train Batch: [1500/6468]	Loss 1.2264 (1.1373)	Top 1 Accuracy 87.085 (87.875)	Top 5 Accuracy 92.188 (93.715)
Train Batch: [1600/6468]	Loss 1.1494 (1.1369)	Top 1 Accuracy 87.659 (87.879)	Top 5 Accuracy 93.559 (93.720)
Train Batch: [1700/6468]	Loss 1.1925 (1.1368)	Top 1 Accuracy 86.543 (87.881)	Top 5 Accuracy 92.730 (93.720)
Train Batch: [1800/6468]	Loss 1.1131 (1.1370)	Top 1 Accuracy 88.489 (87.877)	Top 5 Accuracy 94.228 (93.719)
Train Batch: [1900/6468]	Loss 1.1695 (1.1371)	Top 1 Accuracy 87.436 (87.876)	Top 5 Accuracy 93.144 (93.715)
Train Batch: [2000/6468]	Loss 1.1569 (1.1373)	Top 1 Accuracy 87.628 (87.874)	Top 5 Accuracy 93.559 (93.713)
Train Batch: [2100/6468]	Loss 1.1130 (1.1373)	Top 1 Accuracy 88.457 (87.872)	Top 5 Accuracy 94.165 (93.711)
Train Batch: [2200/6468]	Loss 1.1222 (1.1373)	Top 1 Accuracy 87.213 (87.873)	Top 5 Accuracy 93.527 (93.710)
Train Batch: [2300/6468]	Loss 1.1478 (1.1372)	Top 1 Accuracy 87.628 (87.876)	Top 5 Accuracy 93.622 (93.711)
Train Batch: [2400/6468]	Loss 1.1697 (1.1373)	Top 1 Accuracy 87.341 (87.875)	Top 5 Accuracy 93.335 (93.712)
Train Batch: [2500/6468]	Loss 1.1620 (1.1373)	Top 1 Accuracy 87.404 (87.874)	Top 5 Accuracy 93.431 (93.712)
Train Batch: [2600/6468]	Loss 1.1001 (1.1372)	Top 1 Accuracy 88.393 (87.874)	Top 5 Accuracy 94.324 (93.713)
Train Batch: [2700/6468]	Loss 1.1410 (1.1373)	Top 1 Accuracy 86.926 (87.873)	Top 5 Accuracy 93.240 (93.714)
Train Batch: [2800/6468]	Loss 1.1722 (1.1373)	Top 1 Accuracy 86.990 (87.873)	Top 5 Accuracy 93.240 (93.715)
Train Batch: [2900/6468]	Loss 1.1918 (1.1373)	Top 1 Accuracy 87.245 (87.873)	Top 5 Accuracy 93.335 (93.716)
Train Batch: [3000/6468]	Loss 1.1865 (1.1373)	Top 1 Accuracy 87.564 (87.875)	Top 5 Accuracy 93.112 (93.715)
Train Batch: [3100/6468]	Loss 1.1383 (1.1371)	Top 1 Accuracy 88.265 (87.879)	Top 5 Accuracy 93.559 (93.718)
Train Batch: [3200/6468]	Loss 1.1037 (1.1372)	Top 1 Accuracy 88.807 (87.878)	Top 5 Accuracy 94.037 (93.718)
Train Batch: [3300/6468]	Loss 1.1636 (1.1374)	Top 1 Accuracy 87.532 (87.875)	Top 5 Accuracy 93.048 (93.715)
Train Batch: [3400/6468]	Loss 1.0805 (1.1374)	Top 1 Accuracy 88.999 (87.876)	Top 5 Accuracy 94.611 (93.714)
Train Batch: [3500/6468]	Loss 1.0909 (1.1373)	Top 1 Accuracy 88.361 (87.879)	Top 5 Accuracy 94.388 (93.716)
Train Batch: [3600/6468]	Loss 1.1358 (1.1370)	Top 1 Accuracy 87.277 (87.883)	Top 5 Accuracy 93.591 (93.722)
Train Batch: [3700/6468]	Loss 1.1552 (1.1369)	Top 1 Accuracy 87.946 (87.886)	Top 5 Accuracy 93.208 (93.723)
Train Batch: [3800/6468]	Loss 1.1274 (1.1369)	Top 1 Accuracy 88.584 (87.886)	Top 5 Accuracy 93.654 (93.723)
Train Batch: [3900/6468]	Loss 1.1391 (1.1370)	Top 1 Accuracy 87.532 (87.885)	Top 5 Accuracy 93.750 (93.722)
Train Batch: [4000/6468]	Loss 1.1667 (1.1371)	Top 1 Accuracy 87.277 (87.883)	Top 5 Accuracy 93.304 (93.721)
Train Batch: [4100/6468]	Loss 1.1200 (1.1371)	Top 1 Accuracy 88.457 (87.883)	Top 5 Accuracy 93.941 (93.720)
Train Batch: [4200/6468]	Loss 1.2553 (1.1371)	Top 1 Accuracy 86.129 (87.884)	Top 5 Accuracy 91.964 (93.721)
Train Batch: [4300/6468]	Loss 1.1317 (1.1371)	Top 1 Accuracy 88.265 (87.883)	Top 5 Accuracy 94.324 (93.721)
Train Batch: [4400/6468]	Loss 1.1233 (1.1371)	Top 1 Accuracy 88.233 (87.884)	Top 5 Accuracy 93.591 (93.721)
Train Batch: [4500/6468]	Loss 1.1129 (1.1369)	Top 1 Accuracy 88.202 (87.887)	Top 5 Accuracy 93.846 (93.723)
Train Batch: [4600/6468]	Loss 1.1819 (1.1369)	Top 1 Accuracy 87.404 (87.887)	Top 5 Accuracy 93.304 (93.724)
Train Batch: [4700/6468]	Loss 1.1386 (1.1368)	Top 1 Accuracy 87.851 (87.887)	Top 5 Accuracy 93.686 (93.725)
Train Batch: [4800/6468]	Loss 1.1438 (1.1368)	Top 1 Accuracy 88.297 (87.887)	Top 5 Accuracy 93.686 (93.724)
Train Batch: [4900/6468]	Loss 1.0988 (1.1368)	Top 1 Accuracy 88.648 (87.888)	Top 5 Accuracy 94.515 (93.724)
Train Batch: [5000/6468]	Loss 1.1290 (1.1369)	Top 1 Accuracy 88.170 (87.886)	Top 5 Accuracy 93.909 (93.723)
Train Batch: [5100/6468]	Loss 1.1344 (1.1369)	Top 1 Accuracy 87.659 (87.885)	Top 5 Accuracy 93.622 (93.723)
Train Batch: [5200/6468]	Loss 1.1461 (1.1369)	Top 1 Accuracy 87.819 (87.885)	Top 5 Accuracy 93.527 (93.723)
Train Batch: [5300/6468]	Loss 1.1532 (1.1369)	Top 1 Accuracy 87.500 (87.885)	Top 5 Accuracy 93.431 (93.723)
Train Batch: [5400/6468]	Loss 1.1296 (1.1369)	Top 1 Accuracy 87.978 (87.885)	Top 5 Accuracy 93.750 (93.723)
Train Batch: [5500/6468]	Loss 1.1620 (1.1368)	Top 1 Accuracy 87.372 (87.886)	Top 5 Accuracy 93.176 (93.724)
Train Batch: [5600/6468]	Loss 1.1102 (1.1368)	Top 1 Accuracy 87.628 (87.886)	Top 5 Accuracy 94.005 (93.724)
Train Batch: [5700/6468]	Loss 1.1799 (1.1369)	Top 1 Accuracy 87.277 (87.886)	Top 5 Accuracy 93.176 (93.724)
Train Batch: [5800/6468]	Loss 1.1219 (1.1369)	Top 1 Accuracy 88.042 (87.887)	Top 5 Accuracy 93.750 (93.724)
Train Batch: [5900/6468]	Loss 1.0936 (1.1369)	Top 1 Accuracy 88.297 (87.886)	Top 5 Accuracy 94.165 (93.724)
Train Batch: [6000/6468]	Loss 1.0957 (1.1368)	Top 1 Accuracy 88.967 (87.887)	Top 5 Accuracy 94.069 (93.725)
Train Batch: [6100/6468]	Loss 1.1786 (1.1368)	Top 1 Accuracy 87.149 (87.887)	Top 5 Accuracy 93.080 (93.725)
Train Batch: [6200/6468]	Loss 1.1161 (1.1369)	Top 1 Accuracy 88.584 (87.886)	Top 5 Accuracy 94.069 (93.724)
Train Batch: [6300/6468]	Loss 1.1733 (1.1367)	Top 1 Accuracy 87.436 (87.888)	Top 5 Accuracy 93.176 (93.726)
Train Batch: [6400/6468]	Loss 1.1958 (1.1366)	Top 1 Accuracy 86.798 (87.890)	Top 5 Accuracy 92.857 (93.726)
Validation Batch: [0/391]	Loss 2.8186 (2.8186)	Top 1 Accuracy 79.177 (79.177)	Top 5 Accuracy 82.844 (82.844)
Validation Batch: [100/391]	Loss 2.9209 (2.9585)	Top 1 Accuracy 78.922 (78.951)	Top 5 Accuracy 83.386 (82.727)
Validation Batch: [200/391]	Loss 2.9732 (2.9369)	Top 1 Accuracy 78.954 (79.047)	Top 5 Accuracy 82.621 (82.849)
Validation Batch: [300/391]	Loss 3.0172 (2.9544)	Top 1 Accuracy 78.284 (79.013)	Top 5 Accuracy 82.207 (82.847)
Validation Epoch: 10	BLEU-1 (0.718232563384517)	BLEU-2 (0.5177321621617637)	BLEU-3 (0.3694205907714432)	BLEU-4 (0.2578377072749683)	
Saved model to model/model_10.pth
